Release 14.6 Xflow P.68d (nt64)
Copyright (c) 1995-2013 Xilinx, Inc.  All rights reserved.
xflow.exe -wd implementation -p xc7k325tffg900-2 -implement xflow.opt system.ngc
 
PMSPEC -- Overriding Xilinx file
<C:/Xilinx/14.6/ISE_DS/EDK/kintex7/data/kintex7.acd> with local file
<C:/Xilinx/14.6/ISE_DS/ISE/kintex7/data/kintex7.acd>

Using Flow File: C:/Users/ECE/Documents/PR_Project_XADC/implementation/fpga.flw
 
Using Option File(s): 
 C:/Users/ECE/Documents/PR_Project_XADC/implementation/xflow.opt 

Creating Script File ... 

#----------------------------------------------#
# Starting program ngdbuild
# ngdbuild -p xc7k325tffg900-2 -nt timestamp -bm system.bmm
"C:/Users/ECE/Documents/PR_Project_XADC/implementation/system.ngc" -uc
system.ucf system.ngd 
#----------------------------------------------#
Release 14.6 - ngdbuild P.68d (nt64)
Copyright (c) 1995-2013 Xilinx, Inc.  All rights reserved.
PMSPEC -- Overriding Xilinx file
<C:/Xilinx/14.6/ISE_DS/EDK/kintex7/data/kintex7.acd> with local file
<C:/Xilinx/14.6/ISE_DS/ISE/kintex7/data/kintex7.acd>

Command Line: C:\Xilinx\14.6\ISE_DS\ISE\bin\nt64\unwrapped\ngdbuild.exe -p
xc7k325tffg900-2 -nt timestamp -bm system.bmm
C:/Users/ECE/Documents/PR_Project_XADC/implementation/system.ngc -uc system.ucf
system.ngd

Reading NGO file
"C:/Users/ECE/Documents/PR_Project_XADC/implementation/system.ngc" ...
Loading design module
"C:/Users/ECE/Documents/PR_Project_XADC/implementation/system_axi_xadc_0_wrapper
.ngc"...
Loading design module
"C:/Users/ECE/Documents/PR_Project_XADC/implementation/system_rs232_uart_1_wrapp
er.ngc"...
Loading design module
"C:/Users/ECE/Documents/PR_Project_XADC/implementation/system_proc_sys_reset_0_w
rapper.ngc"...
Loading design module
"C:/Users/ECE/Documents/PR_Project_XADC/implementation/system_clock_generator_0_
wrapper.ngc"...
Loading design module
"C:/Users/ECE/Documents/PR_Project_XADC/implementation/system_microblaze_0_ilmb_
wrapper.ngc"...
Loading design module
"C:/Users/ECE/Documents/PR_Project_XADC/implementation/system_microblaze_0_dlmb_
wrapper.ngc"...
Loading design module
"C:/Users/ECE/Documents/PR_Project_XADC/implementation/system_axi4lite_0_wrapper
.ngc"...
Loading design module
"C:/Users/ECE/Documents/PR_Project_XADC/implementation/system_axi_interconnect_1
_wrapper.ngc"...
Loading design module
"C:/Users/ECE/Documents/PR_Project_XADC/implementation/system_microblaze_0_wrapp
er.ngc"...
Loading design module
"C:/Users/ECE/Documents/PR_Project_XADC/implementation/system_microblaze_0_i_bra
m_ctrl_wrapper.ngc"...
Loading design module
"C:/Users/ECE/Documents/PR_Project_XADC/implementation/system_microblaze_0_d_bra
m_ctrl_wrapper.ngc"...
Loading design module
"C:/Users/ECE/Documents/PR_Project_XADC/implementation/system_axi2axi_connector_
1_wrapper.ngc"...
Loading design module
"C:/Users/ECE/Documents/PR_Project_XADC/implementation/system_debug_module_wrapp
er.ngc"...
Loading design module
"C:/Users/ECE/Documents/PR_Project_XADC/implementation/system_iic_main_wrapper.n
gc"...
Loading design module
"C:/Users/ECE/Documents/PR_Project_XADC/implementation/system_reconfigurable_per
ipherials_0_wrapper.ngc"...
Loading design module
"C:/Users/ECE/Documents/PR_Project_XADC/implementation/system_fan_controller_0_w
rapper.ngc"...
Loading design module
"C:/Users/ECE/Documents/PR_Project_XADC/implementation/system_axi_hwicap_0_wrapp
er.ngc"...
Loading design module
"C:/Users/ECE/Documents/PR_Project_XADC/implementation/system_reconfigurable_per
ipherials_1_wrapper.ngc"...
Loading design module
"C:/Users/ECE/Documents/PR_Project_XADC/implementation/system_reconfigurable_per
ipherials_2_wrapper.ngc"...
Loading design module
"C:/Users/ECE/Documents/PR_Project_XADC/implementation/system_reconfigurable_per
ipherials_3_wrapper.ngc"...
Loading design module
"C:/Users/ECE/Documents/PR_Project_XADC/implementation/system_reconfigurable_per
ipherials_4_wrapper.ngc"...
Loading design module
"C:/Users/ECE/Documents/PR_Project_XADC/implementation/system_reconfigurable_per
ipherials_5_wrapper.ngc"...
Loading design module
"C:/Users/ECE/Documents/PR_Project_XADC/implementation/system_reconfigurable_per
ipherials_6_wrapper.ngc"...
Loading design module
"C:/Users/ECE/Documents/PR_Project_XADC/implementation/system_reconfigurable_per
ipherials_7_wrapper.ngc"...
Loading design module
"C:/Users/ECE/Documents/PR_Project_XADC/implementation/system_reconfigurable_per
ipherials_8_wrapper.ngc"...
Loading design module
"C:/Users/ECE/Documents/PR_Project_XADC/implementation/system_reconfigurable_per
ipherials_9_wrapper.ngc"...
Loading design module
"C:/Users/ECE/Documents/PR_Project_XADC/implementation/system_reconfigurable_per
ipherials_10_wrapper.ngc"...
Loading design module
"C:/Users/ECE/Documents/PR_Project_XADC/implementation/system_reconfigurable_per
ipherials_11_wrapper.ngc"...
Loading design module
"C:/Users/ECE/Documents/PR_Project_XADC/implementation/system_reconfigurable_per
ipherials_12_wrapper.ngc"...
Loading design module
"C:/Users/ECE/Documents/PR_Project_XADC/implementation/system_reconfigurable_per
ipherials_13_wrapper.ngc"...
Loading design module
"C:/Users/ECE/Documents/PR_Project_XADC/implementation/system_microblaze_0_bram_
block_wrapper.ngc"...
Applying constraints in
"C:/Users/ECE/Documents/PR_Project_XADC/implementation/system_microblaze_0_ilmb_
wrapper.ncf" to module "microblaze_0_ilmb"...
Checking Constraint Associations...
Applying constraints in
"C:/Users/ECE/Documents/PR_Project_XADC/implementation/system_microblaze_0_dlmb_
wrapper.ncf" to module "microblaze_0_dlmb"...
Checking Constraint Associations...
Applying constraints in
"C:/Users/ECE/Documents/PR_Project_XADC/implementation/system_axi4lite_0_wrapper
.ncf" to module "axi4lite_0"...
Checking Constraint Associations...
Applying constraints in
"C:/Users/ECE/Documents/PR_Project_XADC/implementation/system_axi_interconnect_1
_wrapper.ncf" to module "axi_interconnect_1"...
Checking Constraint Associations...
Applying constraints in
"C:/Users/ECE/Documents/PR_Project_XADC/implementation/system_microblaze_0_wrapp
er.ncf" to module "microblaze_0"...
Checking Constraint Associations...
Applying constraints in
"C:/Users/ECE/Documents/PR_Project_XADC/implementation/system_axi_hwicap_0_wrapp
er.ncf" to module "axi_hwicap_0"...
Checking Constraint Associations...
Gathering constraint information from source properties...
Done.

Annotating constraints to design from ucf file "system.ucf" ...
Resolving constraint associations...
Checking Constraint Associations...
WARNING:ConstraintSystem:135 - Constraint <INST
   /system/EXPANDED/system/axi_interconnect_1/axi_interconnect_1\/si_converter_b
   ank\/gen_conv_slot[0].clock_conv_inst\/interconnect_aresetn_resync<2>_inv1_IN
   V_0 TNM = FFS:axi_interconnect_1_reset...>: No instances of type FFS were
   found under block
   "axi_interconnect_1/axi_interconnect_1/si_converter_bank/gen_conv_slot[0].clo
   ck_conv_inst/interconnect_aresetn_resync<2>_inv1_INV_0" (type=INV).

WARNING:ConstraintSystem:135 - Constraint <INST
   /system/EXPANDED/system/axi4lite_0/axi4lite_0\/si_converter_bank\/gen_conv_sl
   ot[0].clock_conv_inst\/interconnect_aresetn_resync<2>_inv1_INV_0 TNM =
   FFS:axi4lite_0_reset_resync>: No instances of type FFS were found under block
   "axi4lite_0/axi4lite_0/si_converter_bank/gen_conv_slot[0].clock_conv_inst/int
   erconnect_aresetn_resync<2>_inv1_INV_0" (type=INV).

WARNING:ConstraintSystem:58 - Constraint <TIMEGRP axi4lite_0_reset_source = FFS
   PADS CPUS;>: CPUS "*" does not match any design objects.

WARNING:ConstraintSystem:58 - Constraint <TIMEGRP
   axi_interconnect_1_reset_source = FFS PADS CPUS;>: CPUS "*" does not match
   any design objects.

WARNING:ConstraintSystem:194 - The TNM 'axi_interconnect_1_reset_resync', does
   not directly or indirectly drive any flip-flops, latches and/or RAMs and is
   not actively used by any referencing constraint.

WARNING:ConstraintSystem:194 - The TNM 'axi4lite_0_reset_resync', does not
   directly or indirectly drive any flip-flops, latches and/or RAMs and is not
   actively used by any referencing constraint.

INFO:ConstraintSystem:178 - TNM 'sys_clk_pin', used in period specification
   'TS_sys_clk_pin', was traced into MMCME2_ADV instance
   clock_generator_0/MMCM1_INST/MMCM_ADV_inst. The following new TNM groups and
   period specifications were generated at the MMCME2_ADV output(s): 
   CLKOUT0: <TIMESPEC TS_clock_generator_0_clock_generator_0_SIG_MMCM1_CLKOUT0 =
   PERIOD "clock_generator_0_clock_generator_0_SIG_MMCM1_CLKOUT0" TS_sys_clk_pin
   * 0.5 HIGH 50%>

Done...

Processing BMM file "system.bmm" ...

Checking expanded design ...
WARNING:NgdBuild:486 - Attribute "CLOCK_HOLD" is not allowed on symbol
   "clock_generator_0/MMCM1_INST/MMCM_ADV_inst" of type "MMCME2_ADV".  This
   attribute will be ignored.
WARNING:NgdBuild:443 - SFF primitive
   'microblaze_0/microblaze_0/MicroBlaze_Core_I/Performance.Decode_I/Using_FPGA.
   Gen_Bits[27].MEM_EX_Result_Inst' has unconnected output pin
WARNING:NgdBuild:443 - SFF primitive
   'IIC_MAIN/IIC_MAIN/X_IIC/X_AXI_IPIF_SSP1/X_SOFT_RESET/FF_WRACK' has
   unconnected output pin
ERROR:NgdBuild:604 - logical block
   'reconfigurable_peripherials_0/reconfigurable_peripherials_0/USER_LOGIC_I/rp_
   instance' with type 'rp' could not be resolved. A pin name misspelling can
   cause this, a missing edif or ngc file, case mismatch between the block name
   and the edif or ngc file name, or the misspelling of a type name. Symbol 'rp'
   is not supported in target 'kintex7'.
ERROR:NgdBuild:604 - logical block
   'reconfigurable_peripherials_1/reconfigurable_peripherials_1/USER_LOGIC_I/rp_
   instance' with type 'rp' could not be resolved. A pin name misspelling can
   cause this, a missing edif or ngc file, case mismatch between the block name
   and the edif or ngc file name, or the misspelling of a type name. Symbol 'rp'
   is not supported in target 'kintex7'.
ERROR:NgdBuild:604 - logical block
   'reconfigurable_peripherials_2/reconfigurable_peripherials_2/USER_LOGIC_I/rp_
   instance' with type 'rp' could not be resolved. A pin name misspelling can
   cause this, a missing edif or ngc file, case mismatch between the block name
   and the edif or ngc file name, or the misspelling of a type name. Symbol 'rp'
   is not supported in target 'kintex7'.
ERROR:NgdBuild:604 - logical block
   'reconfigurable_peripherials_3/reconfigurable_peripherials_3/USER_LOGIC_I/rp_
   instance' with type 'rp' could not be resolved. A pin name misspelling can
   cause this, a missing edif or ngc file, case mismatch between the block name
   and the edif or ngc file name, or the misspelling of a type name. Symbol 'rp'
   is not supported in target 'kintex7'.
ERROR:NgdBuild:604 - logical block
   'reconfigurable_peripherials_4/reconfigurable_peripherials_4/USER_LOGIC_I/rp_
   instance' with type 'rp' could not be resolved. A pin name misspelling can
   cause this, a missing edif or ngc file, case mismatch between the block name
   and the edif or ngc file name, or the misspelling of a type name. Symbol 'rp'
   is not supported in target 'kintex7'.
ERROR:NgdBuild:604 - logical block
   'reconfigurable_peripherials_5/reconfigurable_peripherials_5/USER_LOGIC_I/rp_
   instance' with type 'rp' could not be resolved. A pin name misspelling can
   cause this, a missing edif or ngc file, case mismatch between the block name
   and the edif or ngc file name, or the misspelling of a type name. Symbol 'rp'
   is not supported in target 'kintex7'.
ERROR:NgdBuild:604 - logical block
   'reconfigurable_peripherials_6/reconfigurable_peripherials_6/USER_LOGIC_I/rp_
   instance' with type 'rp' could not be resolved. A pin name misspelling can
   cause this, a missing edif or ngc file, case mismatch between the block name
   and the edif or ngc file name, or the misspelling of a type name. Symbol 'rp'
   is not supported in target 'kintex7'.
ERROR:NgdBuild:604 - logical block
   'reconfigurable_peripherials_7/reconfigurable_peripherials_7/USER_LOGIC_I/rp_
   instance' with type 'rp' could not be resolved. A pin name misspelling can
   cause this, a missing edif or ngc file, case mismatch between the block name
   and the edif or ngc file name, or the misspelling of a type name. Symbol 'rp'
   is not supported in target 'kintex7'.
ERROR:NgdBuild:604 - logical block
   'reconfigurable_peripherials_8/reconfigurable_peripherials_8/USER_LOGIC_I/rp_
   instance' with type 'rp' could not be resolved. A pin name misspelling can
   cause this, a missing edif or ngc file, case mismatch between the block name
   and the edif or ngc file name, or the misspelling of a type name. Symbol 'rp'
   is not supported in target 'kintex7'.
ERROR:NgdBuild:604 - logical block
   'reconfigurable_peripherials_9/reconfigurable_peripherials_9/USER_LOGIC_I/rp_
   instance' with type 'rp' could not be resolved. A pin name misspelling can
   cause this, a missing edif or ngc file, case mismatch between the block name
   and the edif or ngc file name, or the misspelling of a type name. Symbol 'rp'
   is not supported in target 'kintex7'.
ERROR:NgdBuild:604 - logical block
   'reconfigurable_peripherials_10/reconfigurable_peripherials_10/USER_LOGIC_I/r
   p_instance' with type 'rp' could not be resolved. A pin name misspelling can
   cause this, a missing edif or ngc file, case mismatch between the block name
   and the edif or ngc file name, or the misspelling of a type name. Symbol 'rp'
   is not supported in target 'kintex7'.
ERROR:NgdBuild:604 - logical block
   'reconfigurable_peripherials_11/reconfigurable_peripherials_11/USER_LOGIC_I/r
   p_instance' with type 'rp' could not be resolved. A pin name misspelling can
   cause this, a missing edif or ngc file, case mismatch between the block name
   and the edif or ngc file name, or the misspelling of a type name. Symbol 'rp'
   is not supported in target 'kintex7'.
ERROR:NgdBuild:604 - logical block
   'reconfigurable_peripherials_12/reconfigurable_peripherials_12/USER_LOGIC_I/r
   p_instance' with type 'rp' could not be resolved. A pin name misspelling can
   cause this, a missing edif or ngc file, case mismatch between the block name
   and the edif or ngc file name, or the misspelling of a type name. Symbol 'rp'
   is not supported in target 'kintex7'.
ERROR:NgdBuild:604 - logical block
   'reconfigurable_peripherials_13/reconfigurable_peripherials_13/USER_LOGIC_I/r
   p_instance' with type 'rp' could not be resolved. A pin name misspelling can
   cause this, a missing edif or ngc file, case mismatch between the block name
   and the edif or ngc file name, or the misspelling of a type name. Symbol 'rp'
   is not supported in target 'kintex7'.

Partition Implementation Status
-------------------------------

  No Partitions were found in this design.

-------------------------------

NGDBUILD Design Results Summary:
  Number of errors:    14
  Number of warnings:   9

Total REAL time to NGDBUILD completion: 1 min  2 sec
Total CPU time to NGDBUILD completion:  1 min  2 sec

One or more errors were found during NGDBUILD.  No NGD file will be written.

Writing NGDBUILD log file "system.bld"...
ERROR:Xflow - Program ngdbuild returned error code 2. Aborting flow execution...
