Release 14.6 - xst P.68d (nt64)
Copyright (c) 1995-2013 Xilinx, Inc.  All rights reserved.
--> Parameter TMPDIR set to xst/projnav.tmp


Total REAL time to Xst completion: 0.00 secs
Total CPU time to Xst completion: 0.07 secs
 
--> Parameter xsthdpdir set to xst


Total REAL time to Xst completion: 0.00 secs
Total CPU time to Xst completion: 0.07 secs
 
--> Reading design: ring_oscillator.prj

TABLE OF CONTENTS
  1) Synthesis Options Summary
  2) HDL Parsing
  3) HDL Elaboration
  4) HDL Synthesis
       4.1) HDL Synthesis Report
  5) Advanced HDL Synthesis
       5.1) Advanced HDL Synthesis Report
  6) Low Level Synthesis
  7) Partition Report
  8) Design Summary
       8.1) Primitive and Black Box Usage
       8.2) Device utilization summary
       8.3) Partition Resource Summary
       8.4) Timing Report
            8.4.1) Clock Information
            8.4.2) Asynchronous Control Signals Information
            8.4.3) Timing Summary
            8.4.4) Timing Details
            8.4.5) Cross Clock Domains Report


=========================================================================
*                      Synthesis Options Summary                        *
=========================================================================
---- Source Parameters
Input File Name                    : "ring_oscillator.prj"
Ignore Synthesis Constraint File   : NO

---- Target Parameters
Output File Name                   : "ring_oscillator"
Output Format                      : NGC
Target Device                      : xc6vlx240t-1-ff1156

---- Source Options
Top Module Name                    : ring_oscillator
Automatic FSM Extraction           : YES
FSM Encoding Algorithm             : Auto
Safe Implementation                : No
FSM Style                          : LUT
RAM Extraction                     : Yes
RAM Style                          : Auto
ROM Extraction                     : Yes
Shift Register Extraction          : YES
ROM Style                          : Auto
Resource Sharing                   : YES
Asynchronous To Synchronous        : NO
Shift Register Minimum Size        : 2
Use DSP Block                      : Auto
Automatic Register Balancing       : No

---- Target Options
LUT Combining                      : Auto
Reduce Control Sets                : Auto
Add IO Buffers                     : YES
Global Maximum Fanout              : 100000
Add Generic Clock Buffer(BUFG)     : 32
Register Duplication               : YES
Optimize Instantiated Primitives   : NO
Use Clock Enable                   : Auto
Use Synchronous Set                : Auto
Use Synchronous Reset              : Auto
Pack IO Registers into IOBs        : Auto
Equivalent register Removal        : YES

---- General Options
Optimization Goal                  : Speed
Optimization Effort                : 1
Power Reduction                    : NO
Keep Hierarchy                     : No
Netlist Hierarchy                  : As_Optimized
RTL Output                         : Yes
Global Optimization                : AllClockNets
Read Cores                         : YES
Write Timing Constraints           : NO
Cross Clock Analysis               : NO
Hierarchy Separator                : /
Bus Delimiter                      : <>
Case Specifier                     : Maintain
Slice Utilization Ratio            : 100
BRAM Utilization Ratio             : 100
DSP48 Utilization Ratio            : 100
Auto BRAM Packing                  : NO
Slice Utilization Ratio Delta      : 5

=========================================================================


=========================================================================
*                          HDL Parsing                                  *
=========================================================================
Analyzing Verilog file "C:\Users\ECE\Documents\PR_Project\pcores\ring_oscillator_v1_00_a\hdl\verilog\user_logic.v" into library work
Parsing module <user_logic>.
Parsing VHDL file "C:\Xilinx\14.6\ISE_DS\EDK\hw\XilinxProcessorIPLib\pcores\proc_common_v3_00_a\hdl\vhdl\proc_common_pkg.vhd" into library proc_common_v3_00_a
Parsing package <proc_common_pkg>.
Parsing package body <proc_common_pkg>.
Parsing VHDL file "C:\Xilinx\14.6\ISE_DS\EDK\hw\XilinxProcessorIPLib\pcores\proc_common_v3_00_a\hdl\vhdl\family_support.vhd" into library proc_common_v3_00_a
Parsing package <family_support>.
Parsing package body <family_support>.
Parsing VHDL file "C:\Xilinx\14.6\ISE_DS\EDK\hw\XilinxProcessorIPLib\pcores\proc_common_v3_00_a\hdl\vhdl\pselect_f.vhd" into library proc_common_v3_00_a
Parsing entity <pselect_f>.
Parsing architecture <imp> of entity <pselect_f>.
Parsing VHDL file "C:\Xilinx\14.6\ISE_DS\EDK\hw\XilinxProcessorIPLib\pcores\proc_common_v3_00_a\hdl\vhdl\ipif_pkg.vhd" into library proc_common_v3_00_a
Parsing package <ipif_pkg>.
Parsing package body <ipif_pkg>.
Parsing VHDL file "C:\Xilinx\14.6\ISE_DS\EDK\hw\XilinxProcessorIPLib\pcores\proc_common_v3_00_a\hdl\vhdl\counter_f.vhd" into library proc_common_v3_00_a
Parsing entity <counter_f>.
Parsing architecture <imp> of entity <counter_f>.
Parsing VHDL file "C:\Xilinx\14.6\ISE_DS\EDK\hw\XilinxProcessorIPLib\pcores\axi_lite_ipif_v1_01_a\hdl\vhdl\address_decoder.vhd" into library axi_lite_ipif_v1_01_a
Parsing entity <address_decoder>.
Parsing architecture <IMP> of entity <address_decoder>.
Parsing VHDL file "C:\Xilinx\14.6\ISE_DS\EDK\hw\XilinxProcessorIPLib\pcores\axi_lite_ipif_v1_01_a\hdl\vhdl\slave_attachment.vhd" into library axi_lite_ipif_v1_01_a
Parsing entity <slave_attachment>.
Parsing architecture <imp> of entity <slave_attachment>.
Parsing VHDL file "C:\Xilinx\14.6\ISE_DS\EDK\hw\XilinxProcessorIPLib\pcores\axi_lite_ipif_v1_01_a\hdl\vhdl\axi_lite_ipif.vhd" into library axi_lite_ipif_v1_01_a
Parsing entity <axi_lite_ipif>.
Parsing architecture <imp> of entity <axi_lite_ipif>.
Parsing VHDL file "C:\Users\ECE\Documents\PR_Project\pcores\ring_oscillator_v1_00_a\hdl\vhdl\ring_oscillator.vhd" into library work
Parsing entity <ring_oscillator>.
Parsing architecture <IMP> of entity <ring_oscillator>.

=========================================================================
*                            HDL Elaboration                            *
=========================================================================

Elaborating entity <ring_oscillator> (architecture <IMP>) with generics from library <work>.

Elaborating entity <axi_lite_ipif> (architecture <imp>) with generics from library <axi_lite_ipif_v1_01_a>.

Elaborating entity <slave_attachment> (architecture <imp>) with generics from library <axi_lite_ipif_v1_01_a>.

Elaborating entity <address_decoder> (architecture <IMP>) with generics from library <axi_lite_ipif_v1_01_a>.

Elaborating entity <pselect_f> (architecture <imp>) with generics from library <proc_common_v3_00_a>.

Elaborating entity <pselect_f> (architecture <imp>) with generics from library <proc_common_v3_00_a>.
INFO:HDLCompiler:679 - "C:\Xilinx\14.6\ISE_DS\EDK\hw\XilinxProcessorIPLib\pcores\axi_lite_ipif_v1_01_a\hdl\vhdl\slave_attachment.vhd" Line 417. Case statement is complete. others clause is never selected
Going to verilog side to elaborate module user_logic

Elaborating module <user_logic(GO_DONE_MASK=-2147483648,C_NUM_REG=2,C_SLV_DWIDTH=32)>.
Back to vhdl to continue elaboration

=========================================================================
*                           HDL Synthesis                               *
=========================================================================

Synthesizing Unit <ring_oscillator>.
    Related source file is "C:\Users\ECE\Documents\PR_Project\pcores\ring_oscillator_v1_00_a\hdl\vhdl\ring_oscillator.vhd".
WARNING:Xst:37 - Detected unknown constraint/property "sigis". This constraint/property is not supported by the current software release and will be ignored.
WARNING:Xst:37 - Detected unknown constraint/property "sigis". This constraint/property is not supported by the current software release and will be ignored.
        C_S_AXI_DATA_WIDTH = 32
        C_S_AXI_ADDR_WIDTH = 32
        C_S_AXI_MIN_SIZE = "00000000000000000000000111111111"
        C_USE_WSTRB = 0
        C_DPHASE_TIMEOUT = 8
        C_BASEADDR = "11111111111111111111111111111111"
        C_HIGHADDR = "00000000000000000000000000000000"
        C_FAMILY = "virtex6"
        C_NUM_REG = 1
        C_NUM_MEM = 1
        C_SLV_AWIDTH = 32
        C_SLV_DWIDTH = 32
    Set property "MAX_FANOUT = 10000" for signal <S_AXI_ACLK>.
WARNING:Xst:37 - Detected unknown constraint/property "sigis". This constraint/property is not supported by the current software release and will be ignored.
    Set property "MAX_FANOUT = 10000" for signal <S_AXI_ARESETN>.
WARNING:Xst:37 - Detected unknown constraint/property "sigis". This constraint/property is not supported by the current software release and will be ignored.
INFO:Xst:3210 - "C:\Users\ECE\Documents\PR_Project\pcores\ring_oscillator_v1_00_a\hdl\vhdl\ring_oscillator.vhd" line 275: Output port <Bus2IP_Addr> of the instance <AXI_LITE_IPIF_I> is unconnected or connected to loadless signal.
INFO:Xst:3210 - "C:\Users\ECE\Documents\PR_Project\pcores\ring_oscillator_v1_00_a\hdl\vhdl\ring_oscillator.vhd" line 275: Output port <Bus2IP_CS> of the instance <AXI_LITE_IPIF_I> is unconnected or connected to loadless signal.
INFO:Xst:3210 - "C:\Users\ECE\Documents\PR_Project\pcores\ring_oscillator_v1_00_a\hdl\vhdl\ring_oscillator.vhd" line 275: Output port <Bus2IP_RNW> of the instance <AXI_LITE_IPIF_I> is unconnected or connected to loadless signal.
    Summary:
	no macro.
Unit <ring_oscillator> synthesized.

Synthesizing Unit <axi_lite_ipif>.
    Related source file is "C:\Xilinx\14.6\ISE_DS\EDK\hw\XilinxProcessorIPLib\pcores\axi_lite_ipif_v1_01_a\hdl\vhdl\axi_lite_ipif.vhd".
        C_S_AXI_DATA_WIDTH = 32
        C_S_AXI_ADDR_WIDTH = 32
        C_S_AXI_MIN_SIZE = "00000000000000000000000111111111"
        C_USE_WSTRB = 0
        C_DPHASE_TIMEOUT = 8
        C_ARD_ADDR_RANGE_ARRAY = ("0000000000000000000000000000000011111111111111111111111111111111","0000000000000000000000000000000000000000000000000000000000000000")
        C_ARD_NUM_CE_ARRAY = (2)
        C_FAMILY = "virtex6"
    Summary:
	no macro.
Unit <axi_lite_ipif> synthesized.

Synthesizing Unit <slave_attachment>.
    Related source file is "C:\Xilinx\14.6\ISE_DS\EDK\hw\XilinxProcessorIPLib\pcores\axi_lite_ipif_v1_01_a\hdl\vhdl\slave_attachment.vhd".
        C_ARD_ADDR_RANGE_ARRAY = ("0000000000000000000000000000000011111111111111111111111111111111","0000000000000000000000000000000000000000000000000000000000000000")
        C_ARD_NUM_CE_ARRAY = (2)
        C_IPIF_ABUS_WIDTH = 32
        C_IPIF_DBUS_WIDTH = 32
        C_S_AXI_MIN_SIZE = "00000000000000000000000111111111"
        C_USE_WSTRB = 0
        C_DPHASE_TIMEOUT = 8
        C_FAMILY = "virtex6"
WARNING:Xst:647 - Input <S_AXI_AWADDR<31:9>> is never used. This port will be preserved and left unconnected if it belongs to a top-level block or it belongs to a sub-block and the hierarchy of this sub-block is preserved.
WARNING:Xst:647 - Input <S_AXI_WSTRB> is never used. This port will be preserved and left unconnected if it belongs to a top-level block or it belongs to a sub-block and the hierarchy of this sub-block is preserved.
WARNING:Xst:647 - Input <S_AXI_ARADDR<31:9>> is never used. This port will be preserved and left unconnected if it belongs to a top-level block or it belongs to a sub-block and the hierarchy of this sub-block is preserved.
INFO:Xst:3210 - "C:\Xilinx\14.6\ISE_DS\EDK\hw\XilinxProcessorIPLib\pcores\axi_lite_ipif_v1_01_a\hdl\vhdl\slave_attachment.vhd" line 341: Output port <CS_for_gaps> of the instance <I_DECODER> is unconnected or connected to loadless signal.
    Found 2-bit register for signal <state>.
    Found 2-bit register for signal <s_axi_rresp_i>.
    Found 32-bit register for signal <s_axi_rdata_i>.
    Found 1-bit register for signal <s_axi_rvalid_i>.
    Found 2-bit register for signal <s_axi_bresp_i>.
    Found 1-bit register for signal <s_axi_bvalid_i>.
    Found 4-bit register for signal <INCLUDE_DPHASE_TIMER.dpto_cnt>.
    Found 1-bit register for signal <rst>.
    Found finite state machine <FSM_0> for signal <state>.
    -----------------------------------------------------------------------
    | States             | 4                                              |
    | Transitions        | 10                                             |
    | Inputs             | 6                                              |
    | Outputs            | 4                                              |
    | Clock              | S_AXI_ACLK (rising_edge)                       |
    | Reset              | rst (positive)                                 |
    | Reset type         | synchronous                                    |
    | Reset State        | sm_idle                                        |
    | Power Up State     | sm_idle                                        |
    | Encoding           | auto                                           |
    | Implementation     | LUT                                            |
    -----------------------------------------------------------------------
    Found 4-bit adder for signal <INCLUDE_DPHASE_TIMER.dpto_cnt[3]_GND_12_o_add_31_OUT> created at line 507.
    Summary:
	inferred   1 Adder/Subtractor(s).
	inferred  43 D-type flip-flop(s).
	inferred   2 Multiplexer(s).
	inferred   1 Finite State Machine(s).
Unit <slave_attachment> synthesized.

Synthesizing Unit <address_decoder>.
    Related source file is "C:\Xilinx\14.6\ISE_DS\EDK\hw\XilinxProcessorIPLib\pcores\axi_lite_ipif_v1_01_a\hdl\vhdl\address_decoder.vhd".
        C_BUS_AWIDTH = 9
        C_S_AXI_MIN_SIZE = "00000000000000000000000111111111"
        C_ARD_ADDR_RANGE_ARRAY = ("0000000000000000000000000000000011111111111111111111111111111111","0000000000000000000000000000000000000000000000000000000000000000")
        C_ARD_NUM_CE_ARRAY = (2)
        C_FAMILY = "nofamily"
WARNING:Xst:647 - Input <Address_In_Erly<0:5>> is never used. This port will be preserved and left unconnected if it belongs to a top-level block or it belongs to a sub-block and the hierarchy of this sub-block is preserved.
WARNING:Xst:647 - Input <Bus_RNW> is never used. This port will be preserved and left unconnected if it belongs to a top-level block or it belongs to a sub-block and the hierarchy of this sub-block is preserved.
    Found 1-bit register for signal <Bus_RNW_reg>.
    Found 1-bit register for signal <ce_out_i<0>>.
    Found 1-bit register for signal <ce_out_i<1>>.
    Found 1-bit register for signal <cs_out_i>.
    Summary:
	inferred   4 D-type flip-flop(s).
Unit <address_decoder> synthesized.

Synthesizing Unit <pselect_f_1>.
    Related source file is "C:\Xilinx\14.6\ISE_DS\EDK\hw\XilinxProcessorIPLib\pcores\proc_common_v3_00_a\hdl\vhdl\pselect_f.vhd".
        C_AB = 1
        C_AW = 1
        C_BAR = "0"
        C_FAMILY = "nofamily"
    Summary:
	inferred   1 Multiplexer(s).
Unit <pselect_f_1> synthesized.

Synthesizing Unit <pselect_f_2>.
    Related source file is "C:\Xilinx\14.6\ISE_DS\EDK\hw\XilinxProcessorIPLib\pcores\proc_common_v3_00_a\hdl\vhdl\pselect_f.vhd".
        C_AB = 1
        C_AW = 1
        C_BAR = "1"
        C_FAMILY = "nofamily"
    Summary:
	inferred   1 Multiplexer(s).
Unit <pselect_f_2> synthesized.

Synthesizing Unit <user_logic>.
    Related source file is "C:\Users\ECE\Documents\PR_Project\pcores\ring_oscillator_v1_00_a\hdl\verilog\user_logic.v".
        GO_DONE_MASK = -2147483648
        C_NUM_REG = 2
        C_SLV_DWIDTH = 32
    Found 1-bit register for signal <slv_reg0<30>>.
    Found 1-bit register for signal <slv_reg0<29>>.
    Found 1-bit register for signal <slv_reg0<28>>.
    Found 1-bit register for signal <slv_reg0<27>>.
    Found 1-bit register for signal <slv_reg0<26>>.
    Found 1-bit register for signal <slv_reg0<25>>.
    Found 1-bit register for signal <slv_reg0<24>>.
    Found 1-bit register for signal <slv_reg0<23>>.
    Found 1-bit register for signal <slv_reg0<22>>.
    Found 1-bit register for signal <slv_reg0<21>>.
    Found 1-bit register for signal <slv_reg0<20>>.
    Found 1-bit register for signal <slv_reg0<19>>.
    Found 1-bit register for signal <slv_reg0<18>>.
    Found 1-bit register for signal <slv_reg0<17>>.
    Found 1-bit register for signal <slv_reg0<16>>.
    Found 1-bit register for signal <slv_reg0<15>>.
    Found 1-bit register for signal <slv_reg0<14>>.
    Found 1-bit register for signal <slv_reg0<13>>.
    Found 1-bit register for signal <slv_reg0<12>>.
    Found 1-bit register for signal <slv_reg0<11>>.
    Found 1-bit register for signal <slv_reg0<10>>.
    Found 1-bit register for signal <slv_reg0<9>>.
    Found 1-bit register for signal <slv_reg0<8>>.
    Found 1-bit register for signal <slv_reg0<7>>.
    Found 1-bit register for signal <slv_reg0<6>>.
    Found 1-bit register for signal <slv_reg0<5>>.
    Found 1-bit register for signal <slv_reg0<4>>.
    Found 1-bit register for signal <slv_reg0<3>>.
    Found 1-bit register for signal <slv_reg0<2>>.
    Found 1-bit register for signal <slv_reg0<1>>.
    Found 1-bit register for signal <slv_reg0<0>>.
    Found 1-bit register for signal <slv_reg1<31>>.
    Found 1-bit register for signal <slv_reg1<30>>.
    Found 1-bit register for signal <slv_reg1<29>>.
    Found 1-bit register for signal <slv_reg1<28>>.
    Found 1-bit register for signal <slv_reg1<27>>.
    Found 1-bit register for signal <slv_reg1<26>>.
    Found 1-bit register for signal <slv_reg1<25>>.
    Found 1-bit register for signal <slv_reg1<24>>.
    Found 1-bit register for signal <slv_reg1<23>>.
    Found 1-bit register for signal <slv_reg1<22>>.
    Found 1-bit register for signal <slv_reg1<21>>.
    Found 1-bit register for signal <slv_reg1<20>>.
    Found 1-bit register for signal <slv_reg1<19>>.
    Found 1-bit register for signal <slv_reg1<18>>.
    Found 1-bit register for signal <slv_reg1<17>>.
    Found 1-bit register for signal <slv_reg1<16>>.
    Found 1-bit register for signal <slv_reg1<15>>.
    Found 1-bit register for signal <slv_reg1<14>>.
    Found 1-bit register for signal <slv_reg1<13>>.
    Found 1-bit register for signal <slv_reg1<12>>.
    Found 1-bit register for signal <slv_reg1<11>>.
    Found 1-bit register for signal <slv_reg1<10>>.
    Found 1-bit register for signal <slv_reg1<9>>.
    Found 1-bit register for signal <slv_reg1<8>>.
    Found 1-bit register for signal <slv_reg1<7>>.
    Found 1-bit register for signal <slv_reg1<6>>.
    Found 1-bit register for signal <slv_reg1<5>>.
    Found 1-bit register for signal <slv_reg1<4>>.
    Found 1-bit register for signal <slv_reg1<3>>.
    Found 1-bit register for signal <slv_reg1<2>>.
    Found 1-bit register for signal <slv_reg1<1>>.
    Found 1-bit register for signal <slv_reg1<0>>.
    Found 32-bit register for signal <timeout_count>.
    Found 1-bit register for signal <on>.
    Found 32-bit register for signal <osc_count>.
    Found 1-bit register for signal <slv_reg0<31>>.
    Found 32-bit adder for signal <timeout_count[31]_GND_17_o_add_49_OUT> created at line 239.
    Found 32-bit adder for signal <osc_count[31]_GND_17_o_add_60_OUT> created at line 264.
    Summary:
	inferred   2 Adder/Subtractor(s).
	inferred 129 D-type flip-flop(s).
	inferred 131 Multiplexer(s).
Unit <user_logic> synthesized.

=========================================================================
HDL Synthesis Report

Macro Statistics
# Adders/Subtractors                                   : 3
 32-bit adder                                          : 2
 4-bit adder                                           : 1
# Registers                                            : 16
 1-bit register                                        : 8
 2-bit register                                        : 2
 32-bit register                                       : 5
 4-bit register                                        : 1
# Multiplexers                                         : 135
 1-bit 2-to-1 multiplexer                              : 131
 32-bit 2-to-1 multiplexer                             : 4
# FSMs                                                 : 1

=========================================================================

=========================================================================
*                       Advanced HDL Synthesis                          *
=========================================================================

WARNING:Xst:1293 - FF/Latch <s_axi_bresp_i_0> has a constant value of 0 in block <I_SLAVE_ATTACHMENT>. This FF/Latch will be trimmed during the optimization process.
WARNING:Xst:1293 - FF/Latch <s_axi_bresp_i_1> has a constant value of 0 in block <I_SLAVE_ATTACHMENT>. This FF/Latch will be trimmed during the optimization process.
WARNING:Xst:1293 - FF/Latch <s_axi_rresp_i_0> has a constant value of 0 in block <I_SLAVE_ATTACHMENT>. This FF/Latch will be trimmed during the optimization process.
WARNING:Xst:1293 - FF/Latch <s_axi_rresp_i_1> has a constant value of 0 in block <I_SLAVE_ATTACHMENT>. This FF/Latch will be trimmed during the optimization process.

Synthesizing (advanced) Unit <slave_attachment>.
The following registers are absorbed into counter <INCLUDE_DPHASE_TIMER.dpto_cnt>: 1 register on signal <INCLUDE_DPHASE_TIMER.dpto_cnt>.
Unit <slave_attachment> synthesized (advanced).

Synthesizing (advanced) Unit <user_logic>.
The following registers are absorbed into counter <timeout_count>: 1 register on signal <timeout_count>.
The following registers are absorbed into counter <osc_count>: 1 register on signal <osc_count>.
Unit <user_logic> synthesized (advanced).

=========================================================================
Advanced HDL Synthesis Report

Macro Statistics
# Counters                                             : 3
 32-bit up counter                                     : 2
 4-bit up counter                                      : 1
# Registers                                            : 108
 Flip-Flops                                            : 108
# Multiplexers                                         : 133
 1-bit 2-to-1 multiplexer                              : 129
 32-bit 2-to-1 multiplexer                             : 4
# FSMs                                                 : 1

=========================================================================

=========================================================================
*                         Low Level Synthesis                           *
=========================================================================
WARNING:Xst:1293 - FF/Latch <s_axi_rresp_i_0> has a constant value of 0 in block <slave_attachment>. This FF/Latch will be trimmed during the optimization process.
WARNING:Xst:1896 - Due to other FF/Latch trimming, FF/Latch <s_axi_bresp_i_0> has a constant value of 0 in block <slave_attachment>. This FF/Latch will be trimmed during the optimization process.
Analyzing FSM <MFsm> for best encoding.
Optimizing FSM <AXI_LITE_IPIF_I/I_SLAVE_ATTACHMENT/FSM_0> on signal <state[1:2]> with user encoding.
----------------------
 State    | Encoding
----------------------
 sm_idle  | 00
 sm_read  | 01
 sm_write | 10
 sm_resp  | 11
----------------------
WARNING:Xst:2170 - Unit user_logic : the following signal(s) form a combinatorial loop: n0000.

Optimizing unit <ring_oscillator> ...

Optimizing unit <slave_attachment> ...

Optimizing unit <address_decoder> ...

Optimizing unit <user_logic> ...
WARNING:Xst:1293 - FF/Latch <AXI_LITE_IPIF_I/I_SLAVE_ATTACHMENT/s_axi_bresp_i_1> has a constant value of 0 in block <ring_oscillator>. This FF/Latch will be trimmed during the optimization process.
WARNING:Xst:1896 - Due to other FF/Latch trimming, FF/Latch <AXI_LITE_IPIF_I/I_SLAVE_ATTACHMENT/s_axi_rresp_i_1> has a constant value of 0 in block <ring_oscillator>. This FF/Latch will be trimmed during the optimization process.
WARNING:Xst:2677 - Node <AXI_LITE_IPIF_I/I_SLAVE_ATTACHMENT/I_DECODER/cs_out_i_0> of sequential type is unconnected in block <ring_oscillator>.
WARNING:Xst:1293 - FF/Latch <USER_LOGIC_I/timeout_count_0> has a constant value of 0 in block <ring_oscillator>. This FF/Latch will be trimmed during the optimization process.
WARNING:Xst:1896 - Due to other FF/Latch trimming, FF/Latch <USER_LOGIC_I/timeout_count_1> has a constant value of 0 in block <ring_oscillator>. This FF/Latch will be trimmed during the optimization process.
WARNING:Xst:1896 - Due to other FF/Latch trimming, FF/Latch <USER_LOGIC_I/timeout_count_2> has a constant value of 0 in block <ring_oscillator>. This FF/Latch will be trimmed during the optimization process.
WARNING:Xst:1896 - Due to other FF/Latch trimming, FF/Latch <USER_LOGIC_I/timeout_count_3> has a constant value of 0 in block <ring_oscillator>. This FF/Latch will be trimmed during the optimization process.
WARNING:Xst:1896 - Due to other FF/Latch trimming, FF/Latch <USER_LOGIC_I/timeout_count_4> has a constant value of 0 in block <ring_oscillator>. This FF/Latch will be trimmed during the optimization process.
WARNING:Xst:1896 - Due to other FF/Latch trimming, FF/Latch <USER_LOGIC_I/timeout_count_5> has a constant value of 0 in block <ring_oscillator>. This FF/Latch will be trimmed during the optimization process.
WARNING:Xst:1896 - Due to other FF/Latch trimming, FF/Latch <USER_LOGIC_I/timeout_count_6> has a constant value of 0 in block <ring_oscillator>. This FF/Latch will be trimmed during the optimization process.
WARNING:Xst:1896 - Due to other FF/Latch trimming, FF/Latch <USER_LOGIC_I/timeout_count_7> has a constant value of 0 in block <ring_oscillator>. This FF/Latch will be trimmed during the optimization process.
WARNING:Xst:1896 - Due to other FF/Latch trimming, FF/Latch <USER_LOGIC_I/timeout_count_8> has a constant value of 0 in block <ring_oscillator>. This FF/Latch will be trimmed during the optimization process.
WARNING:Xst:1896 - Due to other FF/Latch trimming, FF/Latch <USER_LOGIC_I/timeout_count_9> has a constant value of 0 in block <ring_oscillator>. This FF/Latch will be trimmed during the optimization process.
WARNING:Xst:1896 - Due to other FF/Latch trimming, FF/Latch <USER_LOGIC_I/timeout_count_10> has a constant value of 0 in block <ring_oscillator>. This FF/Latch will be trimmed during the optimization process.
WARNING:Xst:1896 - Due to other FF/Latch trimming, FF/Latch <USER_LOGIC_I/timeout_count_11> has a constant value of 0 in block <ring_oscillator>. This FF/Latch will be trimmed during the optimization process.
WARNING:Xst:1896 - Due to other FF/Latch trimming, FF/Latch <USER_LOGIC_I/timeout_count_12> has a constant value of 0 in block <ring_oscillator>. This FF/Latch will be trimmed during the optimization process.
WARNING:Xst:1896 - Due to other FF/Latch trimming, FF/Latch <USER_LOGIC_I/timeout_count_13> has a constant value of 0 in block <ring_oscillator>. This FF/Latch will be trimmed during the optimization process.
WARNING:Xst:1896 - Due to other FF/Latch trimming, FF/Latch <USER_LOGIC_I/timeout_count_14> has a constant value of 0 in block <ring_oscillator>. This FF/Latch will be trimmed during the optimization process.
WARNING:Xst:1896 - Due to other FF/Latch trimming, FF/Latch <USER_LOGIC_I/timeout_count_15> has a constant value of 0 in block <ring_oscillator>. This FF/Latch will be trimmed during the optimization process.
WARNING:Xst:1896 - Due to other FF/Latch trimming, FF/Latch <USER_LOGIC_I/timeout_count_16> has a constant value of 0 in block <ring_oscillator>. This FF/Latch will be trimmed during the optimization process.
WARNING:Xst:1896 - Due to other FF/Latch trimming, FF/Latch <USER_LOGIC_I/timeout_count_17> has a constant value of 0 in block <ring_oscillator>. This FF/Latch will be trimmed during the optimization process.
WARNING:Xst:1896 - Due to other FF/Latch trimming, FF/Latch <USER_LOGIC_I/timeout_count_18> has a constant value of 0 in block <ring_oscillator>. This FF/Latch will be trimmed during the optimization process.
WARNING:Xst:1896 - Due to other FF/Latch trimming, FF/Latch <USER_LOGIC_I/timeout_count_19> has a constant value of 0 in block <ring_oscillator>. This FF/Latch will be trimmed during the optimization process.
WARNING:Xst:1896 - Due to other FF/Latch trimming, FF/Latch <USER_LOGIC_I/timeout_count_20> has a constant value of 0 in block <ring_oscillator>. This FF/Latch will be trimmed during the optimization process.
WARNING:Xst:1896 - Due to other FF/Latch trimming, FF/Latch <USER_LOGIC_I/timeout_count_21> has a constant value of 0 in block <ring_oscillator>. This FF/Latch will be trimmed during the optimization process.
WARNING:Xst:1896 - Due to other FF/Latch trimming, FF/Latch <USER_LOGIC_I/timeout_count_22> has a constant value of 0 in block <ring_oscillator>. This FF/Latch will be trimmed during the optimization process.
WARNING:Xst:1896 - Due to other FF/Latch trimming, FF/Latch <USER_LOGIC_I/timeout_count_23> has a constant value of 0 in block <ring_oscillator>. This FF/Latch will be trimmed during the optimization process.
WARNING:Xst:1896 - Due to other FF/Latch trimming, FF/Latch <USER_LOGIC_I/timeout_count_24> has a constant value of 0 in block <ring_oscillator>. This FF/Latch will be trimmed during the optimization process.
WARNING:Xst:1896 - Due to other FF/Latch trimming, FF/Latch <USER_LOGIC_I/timeout_count_25> has a constant value of 0 in block <ring_oscillator>. This FF/Latch will be trimmed during the optimization process.
WARNING:Xst:1896 - Due to other FF/Latch trimming, FF/Latch <USER_LOGIC_I/timeout_count_26> has a constant value of 0 in block <ring_oscillator>. This FF/Latch will be trimmed during the optimization process.
WARNING:Xst:1896 - Due to other FF/Latch trimming, FF/Latch <USER_LOGIC_I/timeout_count_27> has a constant value of 0 in block <ring_oscillator>. This FF/Latch will be trimmed during the optimization process.
WARNING:Xst:1896 - Due to other FF/Latch trimming, FF/Latch <USER_LOGIC_I/timeout_count_28> has a constant value of 0 in block <ring_oscillator>. This FF/Latch will be trimmed during the optimization process.
WARNING:Xst:1896 - Due to other FF/Latch trimming, FF/Latch <USER_LOGIC_I/timeout_count_29> has a constant value of 0 in block <ring_oscillator>. This FF/Latch will be trimmed during the optimization process.
WARNING:Xst:1896 - Due to other FF/Latch trimming, FF/Latch <USER_LOGIC_I/timeout_count_30> has a constant value of 0 in block <ring_oscillator>. This FF/Latch will be trimmed during the optimization process.
WARNING:Xst:1896 - Due to other FF/Latch trimming, FF/Latch <USER_LOGIC_I/timeout_count_31> has a constant value of 0 in block <ring_oscillator>. This FF/Latch will be trimmed during the optimization process.

Mapping all equations...
Building and optimizing final netlist ...
Found area constraint ratio of 100 (+ 5) on block ring_oscillator, actual ratio is 0.
FlipFlop AXI_LITE_IPIF_I/I_SLAVE_ATTACHMENT/I_DECODER/Bus_RNW_reg has been replicated 1 time(s)
FlipFlop AXI_LITE_IPIF_I/I_SLAVE_ATTACHMENT/I_DECODER/ce_out_i_0 has been replicated 1 time(s)
FlipFlop AXI_LITE_IPIF_I/I_SLAVE_ATTACHMENT/I_DECODER/ce_out_i_1 has been replicated 1 time(s)
FlipFlop USER_LOGIC_I/slv_reg0_31 has been replicated 1 time(s)

Final Macro Processing ...

=========================================================================
Final Register Report

Macro Statistics
# Registers                                            : 145
 Flip-Flops                                            : 145

=========================================================================

=========================================================================
*                           Partition Report                            *
=========================================================================

Partition Implementation Status
-------------------------------

  No Partitions were found in this design.

-------------------------------

=========================================================================
*                            Design Summary                             *
=========================================================================

Top Level Output File Name         : ring_oscillator.ngc

Primitive and Black Box Usage:
------------------------------
# BELS                             : 221
#      GND                         : 1
#      INV                         : 4
#      LUT1                        : 31
#      LUT2                        : 10
#      LUT3                        : 2
#      LUT4                        : 4
#      LUT5                        : 36
#      LUT6                        : 69
#      MUXCY                       : 31
#      VCC                         : 1
#      XORCY                       : 32
# FlipFlops/Latches                : 145
#      FD                          : 7
#      FDR                         : 73
#      FDR_1                       : 1
#      FDRE                        : 64
# Clock Buffers                    : 1
#      BUFGP                       : 1
# IO Buffers                       : 81
#      IBUF                        : 40
#      OBUF                        : 41

Device utilization summary:
---------------------------

Selected Device : 6vlx240tff1156-1 


Slice Logic Utilization: 
 Number of Slice Registers:             145  out of  301440     0%  
 Number of Slice LUTs:                  156  out of  150720     0%  
    Number used as Logic:               156  out of  150720     0%  

Slice Logic Distribution: 
 Number of LUT Flip Flop pairs used:    158
   Number with an unused Flip Flop:      13  out of    158     8%  
   Number with an unused LUT:             2  out of    158     1%  
   Number of fully used LUT-FF pairs:   143  out of    158    90%  
   Number of unique control sets:         8

IO Utilization: 
 Number of IOs:                         148
 Number of bonded IOBs:                  82  out of    600    13%  

Specific Feature Utilization:
 Number of BUFG/BUFGCTRLs:                1  out of     32     3%  

---------------------------
Partition Resource Summary:
---------------------------

  No Partitions were found in this design.

---------------------------


=========================================================================
Timing Report

NOTE: THESE TIMING NUMBERS ARE ONLY A SYNTHESIS ESTIMATE.
      FOR ACCURATE TIMING INFORMATION PLEASE REFER TO THE TRACE REPORT
      GENERATED AFTER PLACE-and-ROUTE.

Clock Information:
------------------
-----------------------------------------+-----------------------------------+-------+
Clock Signal                             | Clock buffer(FF name)             | Load  |
-----------------------------------------+-----------------------------------+-------+
S_AXI_ACLK                               | BUFGP                             | 112   |
USER_LOGIC_I/n0000(USER_LOGIC_I/n00001:O)| NONE(*)(USER_LOGIC_I/osc_count_31)| 33    |
-----------------------------------------+-----------------------------------+-------+
(*) This 1 clock signal(s) are generated by combinatorial logic,
and XST is not able to identify which are the primary clock signals.
Please use the CLOCK_SIGNAL constraint to specify the clock signal(s) generated by combinatorial logic.
INFO:Xst:2169 - HDL ADVISOR - Some clock signals were not automatically buffered by XST with BUFG/BUFR resources. Please use the buffer_type constraint in order to insert these buffers to the clock signals to help prevent skew problems.

Asynchronous Control Signals Information:
----------------------------------------
No asynchronous control signals found in this design

Timing Summary:
---------------
Speed Grade: -1

   Minimum period: 2.076ns (Maximum Frequency: 481.696MHz)
   Minimum input arrival time before clock: 1.701ns
   Maximum output required time after clock: 1.606ns
   Maximum combinational path delay: No path found

Timing Details:
---------------
All values displayed in nanoseconds (ns)

=========================================================================
Timing constraint: Default period analysis for Clock 'S_AXI_ACLK'
  Clock period: 2.076ns (frequency: 481.696MHz)
  Total number of paths / destination ports: 724 / 248
-------------------------------------------------------------------------
Delay:               2.076ns (Levels of Logic = 3)
  Source:            AXI_LITE_IPIF_I/I_SLAVE_ATTACHMENT/I_DECODER/ce_out_i_1_1 (FF)
  Destination:       AXI_LITE_IPIF_I/I_SLAVE_ATTACHMENT/state_FSM_FFd1 (FF)
  Source Clock:      S_AXI_ACLK rising
  Destination Clock: S_AXI_ACLK rising

  Data Path: AXI_LITE_IPIF_I/I_SLAVE_ATTACHMENT/I_DECODER/ce_out_i_1_1 to AXI_LITE_IPIF_I/I_SLAVE_ATTACHMENT/state_FSM_FFd1
                                Gate     Net
    Cell:in->out      fanout   Delay   Delay  Logical Name (Net Name)
    ----------------------------------------  ------------
     FD:C->Q               1   0.375   0.638  AXI_LITE_IPIF_I/I_SLAVE_ATTACHMENT/I_DECODER/ce_out_i_1_1 (AXI_LITE_IPIF_I/I_SLAVE_ATTACHMENT/I_DECODER/ce_out_i_1_1)
     LUT4:I0->O            3   0.068   0.431  AXI_LITE_IPIF_I/I_SLAVE_ATTACHMENT/rd_done1 (S_AXI_ARREADY_OBUF)
     LUT6:I5->O            1   0.068   0.417  AXI_LITE_IPIF_I/I_SLAVE_ATTACHMENT/state_FSM_FFd1-In3_SW0 (N4)
     LUT6:I5->O            1   0.068   0.000  AXI_LITE_IPIF_I/I_SLAVE_ATTACHMENT/state_FSM_FFd1-In3 (AXI_LITE_IPIF_I/I_SLAVE_ATTACHMENT/state_FSM_FFd1-In)
     FDR:D                     0.011          AXI_LITE_IPIF_I/I_SLAVE_ATTACHMENT/state_FSM_FFd1
    ----------------------------------------
    Total                      2.076ns (0.590ns logic, 1.486ns route)
                                       (28.4% logic, 71.6% route)

=========================================================================
Timing constraint: Default period analysis for Clock 'USER_LOGIC_I/n0000'
  Clock period: 1.991ns (frequency: 502.260MHz)
  Total number of paths / destination ports: 562 / 66
-------------------------------------------------------------------------
Delay:               1.991ns (Levels of Logic = 33)
  Source:            USER_LOGIC_I/osc_count_0 (FF)
  Destination:       USER_LOGIC_I/osc_count_31 (FF)
  Source Clock:      USER_LOGIC_I/n0000 falling
  Destination Clock: USER_LOGIC_I/n0000 falling

  Data Path: USER_LOGIC_I/osc_count_0 to USER_LOGIC_I/osc_count_31
                                Gate     Net
    Cell:in->out      fanout   Delay   Delay  Logical Name (Net Name)
    ----------------------------------------  ------------
     FDRE:C->Q             2   0.375   0.405  USER_LOGIC_I/osc_count_0 (USER_LOGIC_I/osc_count_0)
     INV:I->O              1   0.086   0.000  USER_LOGIC_I/Mcount_osc_count_lut<0>_INV_0 (USER_LOGIC_I/Mcount_osc_count_lut<0>)
     MUXCY:S->O            1   0.290   0.000  USER_LOGIC_I/Mcount_osc_count_cy<0> (USER_LOGIC_I/Mcount_osc_count_cy<0>)
     MUXCY:CI->O           1   0.020   0.000  USER_LOGIC_I/Mcount_osc_count_cy<1> (USER_LOGIC_I/Mcount_osc_count_cy<1>)
     MUXCY:CI->O           1   0.020   0.000  USER_LOGIC_I/Mcount_osc_count_cy<2> (USER_LOGIC_I/Mcount_osc_count_cy<2>)
     MUXCY:CI->O           1   0.020   0.000  USER_LOGIC_I/Mcount_osc_count_cy<3> (USER_LOGIC_I/Mcount_osc_count_cy<3>)
     MUXCY:CI->O           1   0.020   0.000  USER_LOGIC_I/Mcount_osc_count_cy<4> (USER_LOGIC_I/Mcount_osc_count_cy<4>)
     MUXCY:CI->O           1   0.020   0.000  USER_LOGIC_I/Mcount_osc_count_cy<5> (USER_LOGIC_I/Mcount_osc_count_cy<5>)
     MUXCY:CI->O           1   0.020   0.000  USER_LOGIC_I/Mcount_osc_count_cy<6> (USER_LOGIC_I/Mcount_osc_count_cy<6>)
     MUXCY:CI->O           1   0.020   0.000  USER_LOGIC_I/Mcount_osc_count_cy<7> (USER_LOGIC_I/Mcount_osc_count_cy<7>)
     MUXCY:CI->O           1   0.020   0.000  USER_LOGIC_I/Mcount_osc_count_cy<8> (USER_LOGIC_I/Mcount_osc_count_cy<8>)
     MUXCY:CI->O           1   0.020   0.000  USER_LOGIC_I/Mcount_osc_count_cy<9> (USER_LOGIC_I/Mcount_osc_count_cy<9>)
     MUXCY:CI->O           1   0.020   0.000  USER_LOGIC_I/Mcount_osc_count_cy<10> (USER_LOGIC_I/Mcount_osc_count_cy<10>)
     MUXCY:CI->O           1   0.020   0.000  USER_LOGIC_I/Mcount_osc_count_cy<11> (USER_LOGIC_I/Mcount_osc_count_cy<11>)
     MUXCY:CI->O           1   0.020   0.000  USER_LOGIC_I/Mcount_osc_count_cy<12> (USER_LOGIC_I/Mcount_osc_count_cy<12>)
     MUXCY:CI->O           1   0.020   0.000  USER_LOGIC_I/Mcount_osc_count_cy<13> (USER_LOGIC_I/Mcount_osc_count_cy<13>)
     MUXCY:CI->O           1   0.020   0.000  USER_LOGIC_I/Mcount_osc_count_cy<14> (USER_LOGIC_I/Mcount_osc_count_cy<14>)
     MUXCY:CI->O           1   0.020   0.000  USER_LOGIC_I/Mcount_osc_count_cy<15> (USER_LOGIC_I/Mcount_osc_count_cy<15>)
     MUXCY:CI->O           1   0.020   0.000  USER_LOGIC_I/Mcount_osc_count_cy<16> (USER_LOGIC_I/Mcount_osc_count_cy<16>)
     MUXCY:CI->O           1   0.020   0.000  USER_LOGIC_I/Mcount_osc_count_cy<17> (USER_LOGIC_I/Mcount_osc_count_cy<17>)
     MUXCY:CI->O           1   0.020   0.000  USER_LOGIC_I/Mcount_osc_count_cy<18> (USER_LOGIC_I/Mcount_osc_count_cy<18>)
     MUXCY:CI->O           1   0.019   0.000  USER_LOGIC_I/Mcount_osc_count_cy<19> (USER_LOGIC_I/Mcount_osc_count_cy<19>)
     MUXCY:CI->O           1   0.019   0.000  USER_LOGIC_I/Mcount_osc_count_cy<20> (USER_LOGIC_I/Mcount_osc_count_cy<20>)
     MUXCY:CI->O           1   0.019   0.000  USER_LOGIC_I/Mcount_osc_count_cy<21> (USER_LOGIC_I/Mcount_osc_count_cy<21>)
     MUXCY:CI->O           1   0.019   0.000  USER_LOGIC_I/Mcount_osc_count_cy<22> (USER_LOGIC_I/Mcount_osc_count_cy<22>)
     MUXCY:CI->O           1   0.019   0.000  USER_LOGIC_I/Mcount_osc_count_cy<23> (USER_LOGIC_I/Mcount_osc_count_cy<23>)
     MUXCY:CI->O           1   0.019   0.000  USER_LOGIC_I/Mcount_osc_count_cy<24> (USER_LOGIC_I/Mcount_osc_count_cy<24>)
     MUXCY:CI->O           1   0.019   0.000  USER_LOGIC_I/Mcount_osc_count_cy<25> (USER_LOGIC_I/Mcount_osc_count_cy<25>)
     MUXCY:CI->O           1   0.019   0.000  USER_LOGIC_I/Mcount_osc_count_cy<26> (USER_LOGIC_I/Mcount_osc_count_cy<26>)
     MUXCY:CI->O           1   0.019   0.000  USER_LOGIC_I/Mcount_osc_count_cy<27> (USER_LOGIC_I/Mcount_osc_count_cy<27>)
     MUXCY:CI->O           1   0.019   0.000  USER_LOGIC_I/Mcount_osc_count_cy<28> (USER_LOGIC_I/Mcount_osc_count_cy<28>)
     MUXCY:CI->O           1   0.019   0.000  USER_LOGIC_I/Mcount_osc_count_cy<29> (USER_LOGIC_I/Mcount_osc_count_cy<29>)
     MUXCY:CI->O           0   0.019   0.000  USER_LOGIC_I/Mcount_osc_count_cy<30> (USER_LOGIC_I/Mcount_osc_count_cy<30>)
     XORCY:CI->O           1   0.239   0.000  USER_LOGIC_I/Mcount_osc_count_xor<31> (USER_LOGIC_I/Result<31>1)
     FDRE:D                    0.011          USER_LOGIC_I/osc_count_31
    ----------------------------------------
    Total                      1.991ns (1.586ns logic, 0.405ns route)
                                       (79.7% logic, 20.3% route)

=========================================================================
Timing constraint: Default OFFSET IN BEFORE for Clock 'S_AXI_ACLK'
  Total number of paths / destination ports: 175 / 108
-------------------------------------------------------------------------
Offset:              1.701ns (Levels of Logic = 2)
  Source:            S_AXI_ARESETN (PAD)
  Destination:       USER_LOGIC_I/slv_reg1_31 (FF)
  Destination Clock: S_AXI_ACLK rising

  Data Path: S_AXI_ARESETN to USER_LOGIC_I/slv_reg1_31
                                Gate     Net
    Cell:in->out      fanout   Delay   Delay  Logical Name (Net Name)
    ----------------------------------------  ------------
     IBUF:I->O            36   0.003   0.644  S_AXI_ARESETN_IBUF (S_AXI_ARESETN_IBUF)
     LUT2:I0->O           32   0.068   0.552  USER_LOGIC_I/_n04631 (USER_LOGIC_I/_n0463)
     FDR:R                     0.434          USER_LOGIC_I/slv_reg1_0
    ----------------------------------------
    Total                      1.701ns (0.505ns logic, 1.196ns route)
                                       (29.7% logic, 70.3% route)

=========================================================================
Timing constraint: Default OFFSET OUT AFTER for Clock 'S_AXI_ACLK'
  Total number of paths / destination ports: 46 / 37
-------------------------------------------------------------------------
Offset:              1.606ns (Levels of Logic = 2)
  Source:            AXI_LITE_IPIF_I/I_SLAVE_ATTACHMENT/I_DECODER/ce_out_i_0 (FF)
  Destination:       S_AXI_WREADY (PAD)
  Source Clock:      S_AXI_ACLK rising

  Data Path: AXI_LITE_IPIF_I/I_SLAVE_ATTACHMENT/I_DECODER/ce_out_i_0 to S_AXI_WREADY
                                Gate     Net
    Cell:in->out      fanout   Delay   Delay  Logical Name (Net Name)
    ----------------------------------------  ------------
     FD:C->Q              68   0.375   0.741  AXI_LITE_IPIF_I/I_SLAVE_ATTACHMENT/I_DECODER/ce_out_i_0 (AXI_LITE_IPIF_I/I_SLAVE_ATTACHMENT/I_DECODER/ce_out_i_0)
     LUT4:I1->O            4   0.068   0.419  AXI_LITE_IPIF_I/I_SLAVE_ATTACHMENT/wr_done1 (S_AXI_AWREADY_OBUF)
     OBUF:I->O                 0.003          S_AXI_WREADY_OBUF (S_AXI_WREADY)
    ----------------------------------------
    Total                      1.606ns (0.446ns logic, 1.160ns route)
                                       (27.8% logic, 72.2% route)

=========================================================================

Cross Clock Domains Report:
--------------------------

Clock to Setup on destination clock S_AXI_ACLK
------------------+---------+---------+---------+---------+
                  | Src:Rise| Src:Fall| Src:Rise| Src:Fall|
Source Clock      |Dest:Rise|Dest:Rise|Dest:Fall|Dest:Fall|
------------------+---------+---------+---------+---------+
S_AXI_ACLK        |    2.076|         |         |         |
USER_LOGIC_I/n0000|         |    1.238|         |         |
------------------+---------+---------+---------+---------+

Clock to Setup on destination clock USER_LOGIC_I/n0000
------------------+---------+---------+---------+---------+
                  | Src:Rise| Src:Fall| Src:Rise| Src:Fall|
Source Clock      |Dest:Rise|Dest:Rise|Dest:Fall|Dest:Fall|
------------------+---------+---------+---------+---------+
S_AXI_ACLK        |         |         |    2.087|         |
USER_LOGIC_I/n0000|         |         |    1.991|         |
------------------+---------+---------+---------+---------+

=========================================================================


Total REAL time to Xst completion: 7.00 secs
Total CPU time to Xst completion: 6.76 secs
 
--> 

Total memory usage is 274252 kilobytes

Number of errors   :    0 (   0 filtered)
Number of warnings :   51 (   0 filtered)
Number of infos    :    5 (   0 filtered)

