Release 14.6 Xflow P.68d (nt64)
Copyright (c) 1995-2013 Xilinx, Inc.  All rights reserved.
xflow.exe -wd implementation -p xc7k325tffg900-2 -implement xflow.opt system.ngc
 
PMSPEC -- Overriding Xilinx file
<C:/Xilinx/14.6/ISE_DS/EDK/kintex7/data/kintex7.acd> with local file
<C:/Xilinx/14.6/ISE_DS/ISE/kintex7/data/kintex7.acd>

Using Flow File: C:/Users/ECE/Documents/PR_Project_XADC/implementation/fpga.flw
 
Using Option File(s): 
 C:/Users/ECE/Documents/PR_Project_XADC/implementation/xflow.opt 

Creating Script File ... 

#----------------------------------------------#
# Starting program ngdbuild
# ngdbuild -p xc7k325tffg900-2 -nt timestamp -bm system.bmm
"C:/Users/ECE/Documents/PR_Project_XADC/implementation/system.ngc" -uc
system.ucf system.ngd 
#----------------------------------------------#
Release 14.6 - ngdbuild P.68d (nt64)
Copyright (c) 1995-2013 Xilinx, Inc.  All rights reserved.
PMSPEC -- Overriding Xilinx file
<C:/Xilinx/14.6/ISE_DS/EDK/kintex7/data/kintex7.acd> with local file
<C:/Xilinx/14.6/ISE_DS/ISE/kintex7/data/kintex7.acd>

Command Line: C:\Xilinx\14.6\ISE_DS\ISE\bin\nt64\unwrapped\ngdbuild.exe -p
xc7k325tffg900-2 -nt timestamp -bm system.bmm
C:/Users/ECE/Documents/PR_Project_XADC/implementation/system.ngc -uc system.ucf
system.ngd

Reading NGO file
"C:/Users/ECE/Documents/PR_Project_XADC/implementation/system.ngc" ...
Loading design module
"C:/Users/ECE/Documents/PR_Project_XADC/implementation/system_axi_xadc_0_wrapper
.ngc"...
Loading design module
"C:/Users/ECE/Documents/PR_Project_XADC/implementation/system_rs232_uart_1_wrapp
er.ngc"...
Loading design module
"C:/Users/ECE/Documents/PR_Project_XADC/implementation/system_proc_sys_reset_0_w
rapper.ngc"...
Loading design module
"C:/Users/ECE/Documents/PR_Project_XADC/implementation/system_clock_generator_0_
wrapper.ngc"...
Loading design module
"C:/Users/ECE/Documents/PR_Project_XADC/implementation/system_microblaze_0_ilmb_
wrapper.ngc"...
Loading design module
"C:/Users/ECE/Documents/PR_Project_XADC/implementation/system_microblaze_0_dlmb_
wrapper.ngc"...
Loading design module
"C:/Users/ECE/Documents/PR_Project_XADC/implementation/system_axi4lite_0_wrapper
.ngc"...
Loading design module
"C:/Users/ECE/Documents/PR_Project_XADC/implementation/system_microblaze_0_wrapp
er.ngc"...
Loading design module
"C:/Users/ECE/Documents/PR_Project_XADC/implementation/system_microblaze_0_i_bra
m_ctrl_wrapper.ngc"...
Loading design module
"C:/Users/ECE/Documents/PR_Project_XADC/implementation/system_microblaze_0_d_bra
m_ctrl_wrapper.ngc"...
Loading design module
"C:/Users/ECE/Documents/PR_Project_XADC/implementation/system_debug_module_wrapp
er.ngc"...
Loading design module
"C:/Users/ECE/Documents/PR_Project_XADC/implementation/system_iic_main_wrapper.n
gc"...
Loading design module
"C:/Users/ECE/Documents/PR_Project_XADC/implementation/system_microblaze_0_bram_
block_wrapper.ngc"...
Applying constraints in
"C:/Users/ECE/Documents/PR_Project_XADC/implementation/system_microblaze_0_ilmb_
wrapper.ncf" to module "microblaze_0_ilmb"...
Checking Constraint Associations...
Applying constraints in
"C:/Users/ECE/Documents/PR_Project_XADC/implementation/system_microblaze_0_dlmb_
wrapper.ncf" to module "microblaze_0_dlmb"...
Checking Constraint Associations...
Applying constraints in
"C:/Users/ECE/Documents/PR_Project_XADC/implementation/system_axi4lite_0_wrapper
.ncf" to module "axi4lite_0"...
Checking Constraint Associations...
Applying constraints in
"C:/Users/ECE/Documents/PR_Project_XADC/implementation/system_microblaze_0_wrapp
er.ncf" to module "microblaze_0"...
Checking Constraint Associations...
Gathering constraint information from source properties...
Done.

Annotating constraints to design from ucf file "system.ucf" ...
Resolving constraint associations...
Checking Constraint Associations...
WARNING:ConstraintSystem:135 - Constraint <INST
   /system/EXPANDED/system/axi4lite_0/axi4lite_0\/si_converter_bank\/gen_conv_sl
   ot[0].clock_conv_inst\/interconnect_aresetn_resync<2>_inv1_INV_0 TNM =
   FFS:axi4lite_0_reset_resync>: No instances of type FFS were found under block
   "axi4lite_0/axi4lite_0/si_converter_bank/gen_conv_slot[0].clock_conv_inst/int
   erconnect_aresetn_resync<2>_inv1_INV_0" (type=INV).

WARNING:ConstraintSystem:58 - Constraint <TIMEGRP axi4lite_0_reset_source = FFS
   PADS CPUS;>: CPUS "*" does not match any design objects.

WARNING:ConstraintSystem:194 - The TNM 'axi4lite_0_reset_resync', does not
   directly or indirectly drive any flip-flops, latches and/or RAMs and is not
   actively used by any referencing constraint.

INFO:ConstraintSystem:178 - TNM 'sys_clk_pin', used in period specification
   'TS_sys_clk_pin', was traced into MMCME2_ADV instance
   clock_generator_0/MMCM1_INST/MMCM_ADV_inst. The following new TNM groups and
   period specifications were generated at the MMCME2_ADV output(s): 
   CLKOUT0: <TIMESPEC TS_clock_generator_0_clock_generator_0_SIG_MMCM1_CLKOUT0 =
   PERIOD "clock_generator_0_clock_generator_0_SIG_MMCM1_CLKOUT0" TS_sys_clk_pin
   * 0.5 HIGH 50%>

Done...

Processing BMM file "system.bmm" ...

Checking expanded design ...
WARNING:NgdBuild:486 - Attribute "CLOCK_HOLD" is not allowed on symbol
   "clock_generator_0/MMCM1_INST/MMCM_ADV_inst" of type "MMCME2_ADV".  This
   attribute will be ignored.
WARNING:NgdBuild:443 - SFF primitive
   'microblaze_0/microblaze_0/MicroBlaze_Core_I/Performance.Decode_I/Using_FPGA.
   Gen_Bits[27].MEM_EX_Result_Inst' has unconnected output pin
WARNING:NgdBuild:443 - SFF primitive
   'IIC_MAIN/IIC_MAIN/X_IIC/X_AXI_IPIF_SSP1/X_SOFT_RESET/FF_WRACK' has
   unconnected output pin
WARNING:NgdBuild:452 - logical net 'axi_xadc_0/VAUXP<10>' has no driver
WARNING:NgdBuild:452 - logical net 'axi_xadc_0/VAUXP<9>' has no driver
WARNING:NgdBuild:452 - logical net 'axi_xadc_0/VAUXP<8>' has no driver
WARNING:NgdBuild:452 - logical net 'axi_xadc_0/VAUXP<7>' has no driver
WARNING:NgdBuild:452 - logical net 'axi_xadc_0/VAUXP<4>' has no driver
WARNING:NgdBuild:452 - logical net 'axi_xadc_0/VAUXP<3>' has no driver
WARNING:NgdBuild:452 - logical net 'axi_xadc_0/VAUXP<2>' has no driver
WARNING:NgdBuild:452 - logical net 'axi_xadc_0/VAUXP<1>' has no driver
WARNING:NgdBuild:452 - logical net 'axi_xadc_0/VAUXP<0>' has no driver
WARNING:NgdBuild:452 - logical net 'axi_xadc_0/VAUXN<10>' has no driver
WARNING:NgdBuild:452 - logical net 'axi_xadc_0/VAUXN<9>' has no driver
WARNING:NgdBuild:452 - logical net 'axi_xadc_0/VAUXN<8>' has no driver
WARNING:NgdBuild:452 - logical net 'axi_xadc_0/VAUXN<7>' has no driver
WARNING:NgdBuild:452 - logical net 'axi_xadc_0/VAUXN<4>' has no driver
WARNING:NgdBuild:452 - logical net 'axi_xadc_0/VAUXN<3>' has no driver
WARNING:NgdBuild:452 - logical net 'axi_xadc_0/VAUXN<2>' has no driver
WARNING:NgdBuild:452 - logical net 'axi_xadc_0/VAUXN<1>' has no driver
WARNING:NgdBuild:452 - logical net 'axi_xadc_0/VAUXN<0>' has no driver

Partition Implementation Status
-------------------------------

  No Partitions were found in this design.

-------------------------------

NGDBUILD Design Results Summary:
  Number of errors:     0
  Number of warnings:  24

Writing NGD file "system.ngd" ...
Total REAL time to NGDBUILD completion:  49 sec
Total CPU time to NGDBUILD completion:   49 sec

Writing NGDBUILD log file "system.bld"...

NGDBUILD done.



#----------------------------------------------#
# Starting program map
# map -o system_map.ncd -w -pr b -ol high -timing -detail system.ngd system.pcf 
#----------------------------------------------#
Release 14.6 - Map P.68d (nt64)
Copyright (c) 1995-2013 Xilinx, Inc.  All rights reserved.
PMSPEC -- Overriding Xilinx file
<C:/Xilinx/14.6/ISE_DS/EDK/data/Xdh_PrimTypeLib.xda> with local file
<C:/Xilinx/14.6/ISE_DS/ISE/data/Xdh_PrimTypeLib.xda>
Using target part "7k325tffg900-2".
vvvvvvvvvvvvvvvvvvvvvvvvvvvvvvvvvvvvvvvvvvvvvvvvvvvvvvvvvvvvvvvvvvvvvv
INFO:Security:56 - Part 'xc7k325t' is not a WebPack part.
WARNING:Security:9b - No 'ISE' feature version 2013.06 was available for part
'xc7k325t'.
WARNING:Security:42 - Your software subscription period has lapsed. Your current
version of Xilinx tools will continue to function, but you no longer qualify for
Xilinx software updates or new releases.
WARNING:Security:42 - Your software subscription period has lapsed. Your current
version of Xilinx tools will continue to function, but you no longer qualify for
Xilinx software updates or new releases.
----------------------------------------------------------------------
WARNING:LIT:701 - PAD symbol "IIC_MAIN_SDA" has an undefined IOSTANDARD.
WARNING:LIT:702 - PAD symbol "IIC_MAIN_SDA" is not constrained (LOC) to a
   specific location.
WARNING:LIT:701 - PAD symbol "axi_xadc_0_CONVST_pin" has an undefined
   IOSTANDARD.
WARNING:LIT:702 - PAD symbol "axi_xadc_0_CONVST_pin" is not constrained (LOC) to
   a specific location.
WARNING:LIT:701 - PAD symbol "axi_xadc_0_ALARM_pin<7>" has an undefined
   IOSTANDARD.
WARNING:LIT:702 - PAD symbol "axi_xadc_0_ALARM_pin<7>" is not constrained (LOC)
   to a specific location.
WARNING:LIT:701 - PAD symbol "axi_xadc_0_ALARM_pin<6>" has an undefined
   IOSTANDARD.
WARNING:LIT:702 - PAD symbol "axi_xadc_0_ALARM_pin<6>" is not constrained (LOC)
   to a specific location.
WARNING:LIT:701 - PAD symbol "axi_xadc_0_ALARM_pin<5>" has an undefined
   IOSTANDARD.
WARNING:LIT:702 - PAD symbol "axi_xadc_0_ALARM_pin<5>" is not constrained (LOC)
   to a specific location.
WARNING:LIT:701 - PAD symbol "axi_xadc_0_ALARM_pin<4>" has an undefined
   IOSTANDARD.
WARNING:LIT:702 - PAD symbol "axi_xadc_0_ALARM_pin<4>" is not constrained (LOC)
   to a specific location.
WARNING:LIT:701 - PAD symbol "axi_xadc_0_ALARM_pin<3>" has an undefined
   IOSTANDARD.
WARNING:LIT:702 - PAD symbol "axi_xadc_0_ALARM_pin<3>" is not constrained (LOC)
   to a specific location.
WARNING:LIT:701 - PAD symbol "axi_xadc_0_ALARM_pin<2>" has an undefined
   IOSTANDARD.
WARNING:LIT:702 - PAD symbol "axi_xadc_0_ALARM_pin<2>" is not constrained (LOC)
   to a specific location.
WARNING:LIT:701 - PAD symbol "axi_xadc_0_ALARM_pin<1>" has an undefined
   IOSTANDARD.
WARNING:LIT:702 - PAD symbol "axi_xadc_0_ALARM_pin<1>" is not constrained (LOC)
   to a specific location.
WARNING:LIT:701 - PAD symbol "axi_xadc_0_ALARM_pin<0>" has an undefined
   IOSTANDARD.
WARNING:LIT:702 - PAD symbol "axi_xadc_0_ALARM_pin<0>" is not constrained (LOC)
   to a specific location.
WARNING:LIT:701 - PAD symbol "axi_xadc_0_TEMP_OUT_pin<11>" has an undefined
   IOSTANDARD.
WARNING:LIT:702 - PAD symbol "axi_xadc_0_TEMP_OUT_pin<11>" is not constrained
   (LOC) to a specific location.
WARNING:LIT:701 - PAD symbol "axi_xadc_0_TEMP_OUT_pin<10>" has an undefined
   IOSTANDARD.
WARNING:LIT:702 - PAD symbol "axi_xadc_0_TEMP_OUT_pin<10>" is not constrained
   (LOC) to a specific location.
WARNING:LIT:701 - PAD symbol "axi_xadc_0_TEMP_OUT_pin<9>" has an undefined
   IOSTANDARD.
WARNING:LIT:702 - PAD symbol "axi_xadc_0_TEMP_OUT_pin<9>" is not constrained
   (LOC) to a specific location.
WARNING:LIT:701 - PAD symbol "axi_xadc_0_TEMP_OUT_pin<8>" has an undefined
   IOSTANDARD.
WARNING:LIT:702 - PAD symbol "axi_xadc_0_TEMP_OUT_pin<8>" is not constrained
   (LOC) to a specific location.
WARNING:LIT:701 - PAD symbol "axi_xadc_0_TEMP_OUT_pin<7>" has an undefined
   IOSTANDARD.
WARNING:LIT:702 - PAD symbol "axi_xadc_0_TEMP_OUT_pin<7>" is not constrained
   (LOC) to a specific location.
WARNING:LIT:701 - PAD symbol "axi_xadc_0_TEMP_OUT_pin<6>" has an undefined
   IOSTANDARD.
WARNING:LIT:702 - PAD symbol "axi_xadc_0_TEMP_OUT_pin<6>" is not constrained
   (LOC) to a specific location.
WARNING:LIT:701 - PAD symbol "axi_xadc_0_TEMP_OUT_pin<5>" has an undefined
   IOSTANDARD.
WARNING:LIT:702 - PAD symbol "axi_xadc_0_TEMP_OUT_pin<5>" is not constrained
   (LOC) to a specific location.
WARNING:LIT:701 - PAD symbol "axi_xadc_0_TEMP_OUT_pin<4>" has an undefined
   IOSTANDARD.
WARNING:LIT:702 - PAD symbol "axi_xadc_0_TEMP_OUT_pin<4>" is not constrained
   (LOC) to a specific location.
WARNING:LIT:701 - PAD symbol "axi_xadc_0_TEMP_OUT_pin<3>" has an undefined
   IOSTANDARD.
WARNING:LIT:702 - PAD symbol "axi_xadc_0_TEMP_OUT_pin<3>" is not constrained
   (LOC) to a specific location.
WARNING:LIT:701 - PAD symbol "axi_xadc_0_TEMP_OUT_pin<2>" has an undefined
   IOSTANDARD.
WARNING:LIT:702 - PAD symbol "axi_xadc_0_TEMP_OUT_pin<2>" is not constrained
   (LOC) to a specific location.
WARNING:LIT:701 - PAD symbol "axi_xadc_0_TEMP_OUT_pin<1>" has an undefined
   IOSTANDARD.
WARNING:LIT:702 - PAD symbol "axi_xadc_0_TEMP_OUT_pin<1>" is not constrained
   (LOC) to a specific location.
WARNING:LIT:701 - PAD symbol "axi_xadc_0_TEMP_OUT_pin<0>" has an undefined
   IOSTANDARD.
WARNING:LIT:702 - PAD symbol "axi_xadc_0_TEMP_OUT_pin<0>" is not constrained
   (LOC) to a specific location.
WARNING:LIT:701 - PAD symbol "axi_xadc_0_MUXADDR_pin<4>" has an undefined
   IOSTANDARD.
WARNING:LIT:702 - PAD symbol "axi_xadc_0_MUXADDR_pin<4>" is not constrained
   (LOC) to a specific location.
WARNING:LIT:701 - PAD symbol "axi_xadc_0_MUXADDR_pin<3>" has an undefined
   IOSTANDARD.
WARNING:LIT:702 - PAD symbol "axi_xadc_0_MUXADDR_pin<3>" is not constrained
   (LOC) to a specific location.
WARNING:LIT:701 - PAD symbol "axi_xadc_0_MUXADDR_pin<2>" has an undefined
   IOSTANDARD.
WARNING:LIT:702 - PAD symbol "axi_xadc_0_MUXADDR_pin<2>" is not constrained
   (LOC) to a specific location.
WARNING:LIT:701 - PAD symbol "axi_xadc_0_MUXADDR_pin<1>" has an undefined
   IOSTANDARD.
WARNING:LIT:702 - PAD symbol "axi_xadc_0_MUXADDR_pin<1>" is not constrained
   (LOC) to a specific location.
WARNING:LIT:701 - PAD symbol "axi_xadc_0_MUXADDR_pin<0>" has an undefined
   IOSTANDARD.
WARNING:LIT:702 - PAD symbol "axi_xadc_0_MUXADDR_pin<0>" is not constrained
   (LOC) to a specific location.
Mapping design into LUTs...
Writing file system_map.ngm...
Running directed packing...
Running delay-based LUT packing...
Updating timing models...
INFO:Map:215 - The Interim Design Summary has been generated in the MAP Report
   (.mrp).
Running timing-driven placement...
Total REAL time at the beginning of Placer: 29 secs 
Total CPU  time at the beginning of Placer: 28 secs 

Phase 1.1  Initial Placement Analysis
Phase 1.1  Initial Placement Analysis (Checksum:3364801d) REAL time: 36 secs 

Phase 2.7  Design Feasibility Check
INFO:Place:834 - Only a subset of IOs are locked. Out of 34 IOs, 7 are locked
   and 27 are not locked. If you would like to print the names of these IOs,
   please set the environment variable XIL_PAR_DESIGN_CHECK_VERBOSE to 1. 
Phase 2.7  Design Feasibility Check (Checksum:3364801d) REAL time: 36 secs 

Phase 3.31  Local Placement Optimization
Phase 3.31  Local Placement Optimization (Checksum:c076345d) REAL time: 36 secs 

Phase 4.2  Initial Placement for Architecture Specific Features
....
Phase 4.2  Initial Placement for Architecture Specific Features
(Checksum:cfd15094) REAL time: 45 secs 

Phase 5.30  Global Clock Region Assignment
Phase 5.30  Global Clock Region Assignment (Checksum:cfd15094) REAL time: 45 secs 

Phase 6.3  Local Placement Optimization
......
Phase 6.3  Local Placement Optimization (Checksum:8d3676e1) REAL time: 47 secs 

Phase 7.5  Local Placement Optimization
Phase 7.5  Local Placement Optimization (Checksum:8bd6e4bd) REAL time: 47 secs 

Phase 8.8  Global Placement
........................................
......................................
....................................................................................................
........................................................................................................................................................
.........................................................................................................................................................................
Phase 8.8  Global Placement (Checksum:34c6e04c) REAL time: 1 mins 38 secs 

Phase 9.5  Local Placement Optimization
Phase 9.5  Local Placement Optimization (Checksum:34c6e04c) REAL time: 1 mins 38 secs 

Phase 10.18  Placement Optimization
Phase 10.18  Placement Optimization (Checksum:2ef0bfb5) REAL time: 1 mins 52 secs 

Phase 11.5  Local Placement Optimization
Phase 11.5  Local Placement Optimization (Checksum:2ef0bfb5) REAL time: 1 mins 52 secs 

Phase 12.34  Placement Validation
Phase 12.34  Placement Validation (Checksum:2ef0bfb5) REAL time: 1 mins 53 secs 

Total REAL time to Placer completion: 2 mins 7 secs 
Total CPU  time to Placer completion: 2 mins 6 secs 
Running post-placement packing...
Writing output files...

Design Summary:
Number of errors:      0
Number of warnings:   99
Slice Logic Utilization:
  Number of Slice Registers:                 2,099 out of 407,600    1%
    Number used as Flip Flops:               2,064
    Number used as Latches:                      0
    Number used as Latch-thrus:                  0
    Number used as AND/OR logics:               35
  Number of Slice LUTs:                      2,596 out of 203,800    1%
    Number used as logic:                    2,321 out of 203,800    1%
      Number using O6 output only:           1,789
      Number using O5 output only:              48
      Number using O5 and O6:                  484
      Number used as ROM:                        0
    Number used as Memory:                     214 out of  64,000    1%
      Number used as Dual Port RAM:             64
        Number using O6 output only:             0
        Number using O5 output only:             0
        Number using O5 and O6:                 64
      Number used as Single Port RAM:            0
      Number used as Shift Register:           150
        Number using O6 output only:           149
        Number using O5 output only:             1
        Number using O5 and O6:                  0
    Number used exclusively as route-thrus:     61
      Number with same-slice register load:     49
      Number with same-slice carry load:         6
      Number with other load:                    6

Slice Logic Distribution:
  Number of occupied Slices:                 1,126 out of  50,950    2%
  Number of LUT Flip Flop pairs used:        3,072
    Number with an unused Flip Flop:         1,174 out of   3,072   38%
    Number with an unused LUT:                 476 out of   3,072   15%
    Number of fully used LUT-FF pairs:       1,422 out of   3,072   46%
    Number of unique control sets:             158
    Number of slice register sites lost
      to control set restrictions:             610 out of 407,600    1%

  A LUT Flip Flop pair for this architecture represents one LUT paired with
  one Flip Flop within a slice.  A control set is a unique combination of
  clock, reset, set, and enable signals for a registered element.
  The Slice Logic Distribution report is not meaningful if the design is
  over-mapped for a non-slice resource or if Placement fails.
  OVERMAPPING of BRAM resources should be ignored if the design is
  over-mapped for a non-BRAM resource or if placement fails.

IO Utilization:
  Number of bonded IOBs:                        34 out of     500    6%
    Number of LOCed IOBs:                        7 out of      34   20%
    IOB Flip Flops:                              3
    Number of bonded IPADs:                      4
      Number of LOCed IPADs:                     4 out of       4  100%

Specific Feature Utilization:
  Number of RAMB36E1/FIFO36E1s:                 16 out of     445    3%
    Number using RAMB36E1 only:                 16
    Number using FIFO36E1 only:                  0
  Number of RAMB18E1/FIFO18E1s:                  0 out of     890    0%
  Number of BUFG/BUFGCTRLs:                      2 out of      32    6%
    Number used as BUFGs:                        2
    Number used as BUFGCTRLs:                    0
  Number of IDELAYE2/IDELAYE2_FINEDELAYs:        0 out of     500    0%
  Number of ILOGICE2/ILOGICE3/ISERDESE2s:        2 out of     500    1%
    Number used as ILOGICE2s:                    2
  Number used as  ILOGICE3s:                     0
    Number used as ISERDESE2s:                   0
  Number of ODELAYE2/ODELAYE2_FINEDELAYs:        0 out of     150    0%
  Number of OLOGICE2/OLOGICE3/OSERDESE2s:        1 out of     500    1%
    Number used as OLOGICE2s:                    1
    Number used as OLOGICE3s:                    0
    Number used as OSERDESE2s:                   0
  Number of PHASER_IN/PHASER_IN_PHYs:            0 out of      40    0%
  Number of PHASER_OUT/PHASER_OUT_PHYs:          0 out of      40    0%
  Number of BSCANs:                              1 out of       4   25%
  Number of BUFHCEs:                             0 out of     168    0%
  Number of BUFRs:                               0 out of      40    0%
  Number of CAPTUREs:                            0 out of       1    0%
  Number of DNA_PORTs:                           0 out of       1    0%
  Number of DSP48E1s:                            3 out of     840    1%
  Number of EFUSE_USRs:                          0 out of       1    0%
  Number of FRAME_ECCs:                          0 out of       1    0%
  Number of GTXE2_CHANNELs:                      0 out of      16    0%
  Number of GTXE2_COMMONs:                       0 out of       4    0%
  Number of IBUFDS_GTE2s:                        0 out of       8    0%
  Number of ICAPs:                               0 out of       2    0%
  Number of IDELAYCTRLs:                         0 out of      10    0%
  Number of IN_FIFOs:                            0 out of      40    0%
  Number of MMCME2_ADVs:                         1 out of      10   10%
  Number of OUT_FIFOs:                           0 out of      40    0%
  Number of PCIE_2_1s:                           0 out of       1    0%
  Number of PHASER_REFs:                         0 out of      10    0%
  Number of PHY_CONTROLs:                        0 out of      10    0%
  Number of PLLE2_ADVs:                          0 out of      10    0%
  Number of STARTUPs:                            0 out of       1    0%
  Number of XADCs:                               1 out of       1  100%

Average Fanout of Non-Clock Nets:                4.16

Peak Memory Usage:  1243 MB
Total REAL time to MAP completion:  2 mins 11 secs 
Total CPU time to MAP completion:   2 mins 10 secs 

Mapping completed.
See MAP report file "system_map.mrp" for details.



#----------------------------------------------#
# Starting program par
# par -w -ol high system_map.ncd system.ncd system.pcf 
#----------------------------------------------#
Release 14.6 - par P.68d (nt64)
Copyright (c) 1995-2013 Xilinx, Inc.  All rights reserved.
PMSPEC -- Overriding Xilinx file <C:/Xilinx/14.6/ISE_DS/EDK/data/parBmgr.acd> with local file
<C:/Xilinx/14.6/ISE_DS/ISE/data/parBmgr.acd>



Constraints file: system.pcf.
Loading device for application Rf_Device from file '7k325t.nph' in environment
C:\Xilinx\14.6\ISE_DS\ISE\;C:\Xilinx\14.6\ISE_DS\EDK.
   "system" is an NCD, version 3.2, device xc7k325t, package ffg900, speed -2
vvvvvvvvvvvvvvvvvvvvvvvvvvvvvvvvvvvvvvvvvvvvvvvvvvvvvvvvvvvvvvvvvvvvvv
INFO:Security:56 - Part 'xc7k325t' is not a WebPack part.
WARNING:Security:9b - No 'ISE' feature version 2013.06 was available for part 'xc7k325t'.
WARNING:Security:42 - Your software subscription period has lapsed. Your current version of Xilinx tools will continue
to function, but you no longer qualify for Xilinx software updates or new releases.
WARNING:Security:42 - Your software subscription period has lapsed. Your current version of Xilinx tools will continue
to function, but you no longer qualify for Xilinx software updates or new releases.

----------------------------------------------------------------------

Initializing temperature to 85.000 Celsius. (default - Range: 0.000 to 85.000 Celsius)
Initializing voltage to 0.970 Volts. (default - Range: 0.970 to 1.030 Volts)


Device speed data version:  "PRODUCTION 1.09 2013-06-08".



Device Utilization Summary:

Slice Logic Utilization:
  Number of Slice Registers:                 2,099 out of 407,600    1%
    Number used as Flip Flops:               2,064
    Number used as Latches:                      0
    Number used as Latch-thrus:                  0
    Number used as AND/OR logics:               35
  Number of Slice LUTs:                      2,596 out of 203,800    1%
    Number used as logic:                    2,321 out of 203,800    1%
      Number using O6 output only:           1,789
      Number using O5 output only:              48
      Number using O5 and O6:                  484
      Number used as ROM:                        0
    Number used as Memory:                     214 out of  64,000    1%
      Number used as Dual Port RAM:             64
        Number using O6 output only:             0
        Number using O5 output only:             0
        Number using O5 and O6:                 64
      Number used as Single Port RAM:            0
      Number used as Shift Register:           150
        Number using O6 output only:           149
        Number using O5 output only:             1
        Number using O5 and O6:                  0
    Number used exclusively as route-thrus:     61
      Number with same-slice register load:     49
      Number with same-slice carry load:         6
      Number with other load:                    6

Slice Logic Distribution:
  Number of occupied Slices:                 1,126 out of  50,950    2%
  Number of LUT Flip Flop pairs used:        3,072
    Number with an unused Flip Flop:         1,174 out of   3,072   38%
    Number with an unused LUT:                 476 out of   3,072   15%
    Number of fully used LUT-FF pairs:       1,422 out of   3,072   46%
    Number of slice register sites lost
      to control set restrictions:               0 out of 407,600    0%

  A LUT Flip Flop pair for this architecture represents one LUT paired with
  one Flip Flop within a slice.  A control set is a unique combination of
  clock, reset, set, and enable signals for a registered element.
  The Slice Logic Distribution report is not meaningful if the design is
  over-mapped for a non-slice resource or if Placement fails.
  OVERMAPPING of BRAM resources should be ignored if the design is
  over-mapped for a non-BRAM resource or if placement fails.

IO Utilization:
  Number of bonded IOBs:                        34 out of     500    6%
    Number of LOCed IOBs:                        7 out of      34   20%
    IOB Flip Flops:                              3
    Number of bonded IPADs:                      4
      Number of LOCed IPADs:                     4 out of       4  100%

Specific Feature Utilization:
  Number of RAMB36E1/FIFO36E1s:                 16 out of     445    3%
    Number using RAMB36E1 only:                 16
    Number using FIFO36E1 only:                  0
  Number of RAMB18E1/FIFO18E1s:                  0 out of     890    0%
  Number of BUFG/BUFGCTRLs:                      2 out of      32    6%
    Number used as BUFGs:                        2
    Number used as BUFGCTRLs:                    0
  Number of IDELAYE2/IDELAYE2_FINEDELAYs:        0 out of     500    0%
  Number of ILOGICE2/ILOGICE3/ISERDESE2s:        2 out of     500    1%
    Number used as ILOGICE2s:                    2
  Number used as  ILOGICE3s:                     0
    Number used as ISERDESE2s:                   0
  Number of ODELAYE2/ODELAYE2_FINEDELAYs:        0 out of     150    0%
  Number of OLOGICE2/OLOGICE3/OSERDESE2s:        1 out of     500    1%
    Number used as OLOGICE2s:                    1
    Number used as OLOGICE3s:                    0
    Number used as OSERDESE2s:                   0
  Number of PHASER_IN/PHASER_IN_PHYs:            0 out of      40    0%
  Number of PHASER_OUT/PHASER_OUT_PHYs:          0 out of      40    0%
  Number of BSCANs:                              1 out of       4   25%
  Number of BUFHCEs:                             0 out of     168    0%
  Number of BUFRs:                               0 out of      40    0%
  Number of CAPTUREs:                            0 out of       1    0%
  Number of DNA_PORTs:                           0 out of       1    0%
  Number of DSP48E1s:                            3 out of     840    1%
  Number of EFUSE_USRs:                          0 out of       1    0%
  Number of FRAME_ECCs:                          0 out of       1    0%
  Number of GTXE2_CHANNELs:                      0 out of      16    0%
  Number of GTXE2_COMMONs:                       0 out of       4    0%
  Number of IBUFDS_GTE2s:                        0 out of       8    0%
  Number of ICAPs:                               0 out of       2    0%
  Number of IDELAYCTRLs:                         0 out of      10    0%
  Number of IN_FIFOs:                            0 out of      40    0%
  Number of MMCME2_ADVs:                         1 out of      10   10%
  Number of OUT_FIFOs:                           0 out of      40    0%
  Number of PCIE_2_1s:                           0 out of       1    0%
  Number of PHASER_REFs:                         0 out of      10    0%
  Number of PHY_CONTROLs:                        0 out of      10    0%
  Number of PLLE2_ADVs:                          0 out of      10    0%
  Number of STARTUPs:                            0 out of       1    0%
  Number of XADCs:                               1 out of       1  100%


Overall effort level (-ol):   High 
Router effort level (-rl):    High 

INFO:Timing:3386 - Intersecting Constraints found and resolved.  For more information, see the TSI report.  Please consult the Xilinx
   Command Line Tools User Guide for information on generating a TSI report.
Starting initial Timing Analysis.  REAL time: 21 secs 
Finished initial Timing Analysis.  REAL time: 21 secs 

WARNING:Par:288 - The signal
   microblaze_0/microblaze_0/MicroBlaze_Core_I/Performance.Data_Flow_I/Register_File_I/Using_LUT6.All_RAM32M[10].ram32m_i_RAMD_D1_O has no
   load.  PAR will not attempt to route this signal.
WARNING:Par:288 - The signal
   microblaze_0/microblaze_0/MicroBlaze_Core_I/Performance.Data_Flow_I/Register_File_I/Using_LUT6.All_RAM32M[7].ram32m_i_RAMD_D1_O has no
   load.  PAR will not attempt to route this signal.
WARNING:Par:288 - The signal
   microblaze_0/microblaze_0/MicroBlaze_Core_I/Performance.Data_Flow_I/Register_File_I/Using_LUT6.All_RAM32M[14].ram32m_i_RAMD_D1_O has no
   load.  PAR will not attempt to route this signal.
WARNING:Par:288 - The signal
   microblaze_0/microblaze_0/MicroBlaze_Core_I/Performance.Data_Flow_I/Register_File_I/Using_LUT6.All_RAM32M[11].ram32m_i_RAMD_D1_O has no
   load.  PAR will not attempt to route this signal.
WARNING:Par:288 - The signal
   microblaze_0/microblaze_0/MicroBlaze_Core_I/Performance.Data_Flow_I/Register_File_I/Using_LUT6.All_RAM32M[6].ram32m_i_RAMD_D1_O has no
   load.  PAR will not attempt to route this signal.
WARNING:Par:288 - The signal microblaze_0_d_bram_ctrl_2_microblaze_0_bram_block_BRAM_Addr<30> has no load.  PAR will not attempt to route
   this signal.
WARNING:Par:288 - The signal
   microblaze_0/microblaze_0/MicroBlaze_Core_I/Performance.Data_Flow_I/Register_File_I/Using_LUT6.All_RAM32M[15].ram32m_i_RAMD_D1_O has no
   load.  PAR will not attempt to route this signal.
WARNING:Par:288 - The signal
   microblaze_0/microblaze_0/MicroBlaze_Core_I/Performance.Data_Flow_I/Register_File_I/Using_LUT6.All_RAM32M[2].ram32m_i_RAMD_D1_O has no
   load.  PAR will not attempt to route this signal.
WARNING:Par:288 - The signal
   microblaze_0/microblaze_0/MicroBlaze_Core_I/Performance.Data_Flow_I/Register_File_I/Using_LUT6.All_RAM32M[8].ram32m_i_RAMD_D1_O has no
   load.  PAR will not attempt to route this signal.
WARNING:Par:288 - The signal
   microblaze_0/microblaze_0/MicroBlaze_Core_I/Performance.Data_Flow_I/Register_File_I/Using_LUT6.All_RAM32M[9].ram32m_i_RAMD_D1_O has no
   load.  PAR will not attempt to route this signal.
WARNING:Par:288 - The signal
   microblaze_0/microblaze_0/MicroBlaze_Core_I/Performance.Data_Flow_I/Register_File_I/Using_LUT6.All_RAM32M[0].ram32m_i_RAMD_D1_O has no
   load.  PAR will not attempt to route this signal.
WARNING:Par:288 - The signal
   microblaze_0/microblaze_0/MicroBlaze_Core_I/Performance.Data_Flow_I/Register_File_I/Using_LUT6.All_RAM32M[13].ram32m_i_RAMD_D1_O has no
   load.  PAR will not attempt to route this signal.
WARNING:Par:288 - The signal
   microblaze_0/microblaze_0/MicroBlaze_Core_I/Performance.Data_Flow_I/Register_File_I/Using_LUT6.All_RAM32M[12].ram32m_i_RAMD_D1_O has no
   load.  PAR will not attempt to route this signal.
WARNING:Par:288 - The signal
   microblaze_0/microblaze_0/MicroBlaze_Core_I/Performance.Data_Flow_I/Register_File_I/Using_LUT6.All_RAM32M[3].ram32m_i_RAMD_D1_O has no
   load.  PAR will not attempt to route this signal.
WARNING:Par:288 - The signal
   microblaze_0/microblaze_0/MicroBlaze_Core_I/Performance.Data_Flow_I/Register_File_I/Using_LUT6.All_RAM32M[4].ram32m_i_RAMD_D1_O has no
   load.  PAR will not attempt to route this signal.
WARNING:Par:288 - The signal
   microblaze_0/microblaze_0/MicroBlaze_Core_I/Performance.Data_Flow_I/Register_File_I/Using_LUT6.All_RAM32M[1].ram32m_i_RAMD_D1_O has no
   load.  PAR will not attempt to route this signal.
WARNING:Par:288 - The signal microblaze_0_d_bram_ctrl_2_microblaze_0_bram_block_BRAM_Addr<31> has no load.  PAR will not attempt to route
   this signal.
WARNING:Par:288 - The signal
   microblaze_0/microblaze_0/MicroBlaze_Core_I/Performance.Data_Flow_I/Register_File_I/Using_LUT6.All_RAM32M[5].ram32m_i_RAMD_D1_O has no
   load.  PAR will not attempt to route this signal.
Starting Router


Phase  1  : 19494 unrouted;      REAL time: 27 secs 

Phase  2  : 15249 unrouted;      REAL time: 28 secs 

Phase  3  : 5464 unrouted;      REAL time: 32 secs 

Phase  4  : 5464 unrouted; (Setup:0, Hold:8074, Component Switching Limit:0)     REAL time: 43 secs 

Updating file: system.ncd with current fully routed design.

Phase  5  : 0 unrouted; (Setup:0, Hold:6230, Component Switching Limit:0)     REAL time: 48 secs 

Phase  6  : 0 unrouted; (Setup:0, Hold:6230, Component Switching Limit:0)     REAL time: 48 secs 

Phase  7  : 0 unrouted; (Setup:0, Hold:6230, Component Switching Limit:0)     REAL time: 48 secs 

Phase  8  : 0 unrouted; (Setup:0, Hold:6230, Component Switching Limit:0)     REAL time: 48 secs 

Phase  9  : 0 unrouted; (Setup:0, Hold:0, Component Switching Limit:0)     REAL time: 50 secs 
Total REAL time to Router completion: 50 secs 
Total CPU time to Router completion: 47 secs 

Partition Implementation Status
-------------------------------

  No Partitions were found in this design.

-------------------------------

Generating "PAR" statistics.

**************************
Generating Clock Report
**************************

+---------------------+--------------+------+------+------------+-------------+
|        Clock Net    |   Resource   |Locked|Fanout|Net Skew(ns)|Max Delay(ns)|
+---------------------+--------------+------+------+------------+-------------+
|     clk_100_0000MHz | BUFGCTRL_X0Y0| No   |  946 |  0.379     |  1.589      |
+---------------------+--------------+------+------+------------+-------------+
|microblaze_0_debug_D |              |      |      |            |             |
|              bg_Clk |BUFGCTRL_X0Y31| No   |   70 |  0.207     |  1.474      |
+---------------------+--------------+------+------+------------+-------------+
|microblaze_0_debug_D |              |      |      |            |             |
|           bg_Update |         Local|      |   20 |  1.071     |  1.867      |
+---------------------+--------------+------+------+------------+-------------+
|                 CLK |         Local|      |    1 |  0.000     |  1.081      |
+---------------------+--------------+------+------+------------+-------------+
|clock_generator_0/cl |              |      |      |            |             |
|ock_generator_0/SIG_ |              |      |      |            |             |
|      MMCM1_CLKFBOUT |         Local|      |    1 |  0.000     |  0.012      |
+---------------------+--------------+------+------+------------+-------------+

* Net Skew is the difference between the minimum and maximum routing
only delays for the net. Note this is different from Clock Skew which
is reported in TRCE timing report. Clock Skew is the difference between
the minimum and maximum path delays which includes logic delays.

* The fanout is the number of component pins not the individual BEL loads,
for example SLICE loads not FF loads.

Timing Score: 0 (Setup: 0, Hold: 0, Component Switching Limit: 0)

Number of Timing Constraints that were not applied: 1

Asterisk (*) preceding a constraint indicates it was not met.
   This may be due to a setup or hold violation.

----------------------------------------------------------------------------------------------------------
  Constraint                                |    Check    | Worst Case |  Best Case | Timing |   Timing   
                                            |             |    Slack   | Achievable | Errors |    Score   
----------------------------------------------------------------------------------------------------------
  TS_sys_clk_pin = PERIOD TIMEGRP "sys_clk_ | MINLOWPULSE |     2.200ns|     2.800ns|       0|           0
  pin" 200 MHz HIGH 50%                     |             |            |            |        |            
----------------------------------------------------------------------------------------------------------
  TS_clock_generator_0_clock_generator_0_SI | SETUP       |     4.314ns|     5.686ns|       0|           0
  G_MMCM1_CLKOUT0 = PERIOD TIMEGRP          | HOLD        |     0.029ns|            |       0|           0
  "clock_generator_0_clock_generator_0_SIG_ |             |            |            |        |            
  MMCM1_CLKOUT0" TS_sys_clk_pin         * 0 |             |            |            |        |            
  .5 HIGH 50%                               |             |            |            |        |            
----------------------------------------------------------------------------------------------------------
  PATH "TS_TIG_microblaze_0_Reset_path" TIG | SETUP       |         N/A|     1.626ns|     N/A|           0
----------------------------------------------------------------------------------------------------------
  PATH "TS_axi4lite_0_reset_resync_path" TI | MAXDELAY    |         N/A|     5.678ns|     N/A|           0
  G                                         |             |            |            |        |            
----------------------------------------------------------------------------------------------------------
  PATH "TS_TIG_microblaze_0_dlmb_POR_FF_I_p | SETUP       |         N/A|     1.750ns|     N/A|           0
  ath" TIG                                  |             |            |            |        |            
----------------------------------------------------------------------------------------------------------
  PATH "TS_TIG_microblaze_0_ilmb_POR_FF_I_p | SETUP       |         N/A|     1.750ns|     N/A|           0
  ath" TIG                                  |             |            |            |        |            
----------------------------------------------------------------------------------------------------------


Derived Constraint Report
Review Timing Report for more details on the following derived constraints.
To create a Timing Report, run "trce -v 12 -fastpaths -o design_timing_report design.ncd design.pcf"
or "Run Timing Analysis" from Timing Analyzer (timingan).
Derived Constraints for TS_sys_clk_pin
+-------------------------------+-------------+-------------+-------------+-------------+-------------+-------------+-------------+
|                               |   Period    |       Actual Period       |      Timing Errors        |      Paths Analyzed       |
|           Constraint          | Requirement |-------------+-------------|-------------+-------------|-------------+-------------|
|                               |             |   Direct    | Derivative  |   Direct    | Derivative  |   Direct    | Derivative  |
+-------------------------------+-------------+-------------+-------------+-------------+-------------+-------------+-------------+
|TS_sys_clk_pin                 |      5.000ns|      2.800ns|      2.843ns|            0|            0|            0|       354373|
| TS_clock_generator_0_clock_gen|     10.000ns|      5.686ns|          N/A|            0|            0|       354373|            0|
| erator_0_SIG_MMCM1_CLKOUT0    |             |             |             |             |             |             |             |
+-------------------------------+-------------+-------------+-------------+-------------+-------------+-------------+-------------+

All constraints were met.
INFO:Timing:2761 - N/A entries in the Constraints List may indicate that the 
   constraint is not analyzed due to the following: No paths covered by this 
   constraint; Other constraints intersect with this constraint; or This 
   constraint was disabled by a Path Tracing Control. Please run the Timespec 
   Interaction Report (TSI) via command line (trce tsi) or Timing Analyzer GUI.


Generating Pad Report.

All signals are completely routed.

WARNING:Par:283 - There are 18 loadless signals in this design. This design will cause Bitgen to issue DRC warnings.

Total REAL time to PAR completion: 55 secs 
Total CPU time to PAR completion: 50 secs 

Peak Memory Usage:  1029 MB

Placer: Placement generated during map.
Routing: Completed - No errors found.
Timing: Completed - No errors found.

Number of error messages: 0
Number of warning messages: 20
Number of info messages: 1

Writing design to file system.ncd



PAR done!



#----------------------------------------------#
# Starting program post_par_trce
# trce -e 3 -xml system.twx system.ncd system.pcf 
#----------------------------------------------#
Release 14.6 - Trace  (nt64)
Copyright (c) 1995-2013 Xilinx, Inc.  All rights reserved.


PMSPEC -- Overriding Xilinx file
<C:/Xilinx/14.6/ISE_DS/EDK/kintex7/data/kintex7.acd> with local file
<C:/Xilinx/14.6/ISE_DS/ISE/kintex7/data/kintex7.acd>
Loading device for application Rf_Device from file '7k325t.nph' in environment
C:\Xilinx\14.6\ISE_DS\ISE\;C:\Xilinx\14.6\ISE_DS\EDK.
   "system" is an NCD, version 3.2, device xc7k325t, package ffg900, speed -2
INFO:Timing:3386 - Intersecting Constraints found and resolved.  For more
   information, see the TSI report.  Please consult the Xilinx Command Line
   Tools User Guide for information on generating a TSI report.
--------------------------------------------------------------------------------
Release 14.6 Trace  (nt64)
Copyright (c) 1995-2013 Xilinx, Inc.  All rights reserved.

C:\Xilinx\14.6\ISE_DS\ISE\bin\nt64\unwrapped\trce.exe -e 3 -xml system.twx
system.ncd system.pcf


Design file:              system.ncd
Physical constraint file: system.pcf
Device,speed:             xc7k325t,-2 (PRODUCTION 1.09 2013-06-08)
Report level:             error report
--------------------------------------------------------------------------------

INFO:Timing:3412 - To improve timing, see the Timing Closure User Guide (UG612).
INFO:Timing:2752 - To get complete path coverage, use the unconstrained paths option. All paths that are not constrained will be reported in
   the unconstrained paths section(s) of the report.
INFO:Timing:3339 - The clock-to-out numbers in this timing report are based on a 50 Ohm transmission line loading model.  For the details of
   this model, and for more information on accounting for different loading conditions, please see the device datasheet.


Timing summary:
---------------

Timing errors: 0  Score: 0 (Setup/Max: 0, Hold: 0)

Constraints cover 354389 paths, 0 nets, and 15347 connections

Design statistics:
   Minimum period:   5.686ns (Maximum frequency: 175.871MHz)


Analysis completed Tue May 20 13:37:51 2014
--------------------------------------------------------------------------------

Generating Report ...

Number of warnings: 0
Number of info messages: 4
Total time: 21 secs 


