Command line:
   ringOscHeater_isim_beh.exe
     -simmode  gui
     -simrunnum  0
     -socket  52436

Fri Mar 07 21:21:13 2014


 Elaboration Time: 0.0624 sec

 Current Memory Usage: 831.619 Meg

 Total Signals          : 17
 Total Nets             : 179
 Total Signal Drivers   : 108
 Total Blocks           : 2
 Total Primitive Blocks : 2
 Total Processes        : 111
 Total Traceable Variables  : 24
 Total Scalar Nets and Variables : 420
Total Line Count : 27

 Total Simulation Time: 0.468004 sec

 Current Memory Usage: 674.333 Meg

Fri Mar 07 23:45:06 2014

