
*** Running ngdbuild
    with args -intstyle ise -p xc7k325tffg900-2 -dd _ngo -uc "counter.ucf" "counter.edf"


Command Line: C:\Xilinx\14.6\ISE_DS\ISE\bin\nt64\unwrapped\ngdbuild.exe
-intstyle ise -p xc7k325tffg900-2 -dd _ngo -uc counter.ucf counter.edf

Executing edif2ngd -quiet "counter.edf" "_ngo\counter.ngo"
Release 14.6 - edif2ngd P.68d (nt64)
Copyright (c) 1995-2013 Xilinx, Inc.  All rights reserved.
Reading NGO file
"C:/Users/ECE/Documents/PR_Project_Planahead/PR_Project_Planahead.runs/counter/_
ngo/counter.ngo" ...
-----------------------------------------------
WARNING:Security:42 - Your license support version '2014.05' for
PartialReconfiguration expires in 23 days after which you will not qualify for
Xilinx software updates or new releases.

-----------------------------------------------

-----------------------------------------------
Gathering constraint information from source properties...
Done.

Annotating constraints to design from ucf file "counter.ucf" ...
Resolving constraint associations...
Checking Constraint Associations...

Done...
Checking Partitions ...

Checking expanded design ...
WARNING:NgdBuild:486 - Attribute "CLOCK_HOLD" is not allowed on symbol
   "clock_generator_0/MMCM1_INST/MMCM_ADV_inst" of type "MMCME2_ADV".  This
   attribute will be ignored.
WARNING:NgdBuild:443 - SFF primitive
   'microblaze_0/microblaze_0/MicroBlaze_Core_I/Performance.Decode_I/Using_FPGA.
   Gen_Bits[27].MEM_EX_Result_Inst' has unconnected output pin
WARNING:NgdBuild:443 - SFF primitive
   'QSPI_FLASH/QSPI_FLASH/QSPI_LEGACY_MD_GEN.QSPI_CORE_INTERFACE_I/FIFO_EXISTS.C
   LK_CROSS_I/RX_FIFO_FULL_SYNC_SPI_2_AXI_2' has unconnected output pin
WARNING:NgdBuild:440 - FF primitive
   'QSPI_FLASH/QSPI_FLASH/QSPI_LEGACY_MD_GEN.QSPI_CORE_INTERFACE_I/LOGIC_FOR_MD_
   0_GEN.SPI_MODULE_I/MST_TRANS_INHIBIT_D1_I' has unconnected output pin
WARNING:NgdBuild:440 - FF primitive
   'QSPI_FLASH/QSPI_FLASH/QSPI_LEGACY_MD_GEN.QSPI_CORE_INTERFACE_I/LOGIC_FOR_MD_
   0_GEN.SPI_MODULE_I/SCK_I_REG' has unconnected output pin
WARNING:NgdBuild:443 - SFF primitive
   'QSPI_FLASH/QSPI_FLASH/QSPI_LEGACY_MD_GEN.QSPI_CORE_INTERFACE_I/FIFO_EXISTS.C
   LK_CROSS_I/SPICR_5_TXFIFO_AX2S_2' has unconnected output pin
WARNING:NgdBuild:443 - SFF primitive
   'QSPI_FLASH/QSPI_FLASH/QSPI_LEGACY_MD_GEN.QSPI_CORE_INTERFACE_I/FIFO_EXISTS.C
   LK_CROSS_I/SPIXFER_DONE_S2AX_2' has unconnected output pin
WARNING:NgdBuild:443 - SFF primitive
   'QSPI_FLASH/QSPI_FLASH/QSPI_LEGACY_MD_GEN.QSPI_CORE_INTERFACE_I/FIFO_EXISTS.C
   LK_CROSS_I/TX_FIFO_FULL_AX2S_2' has unconnected output pin
WARNING:NgdBuild:443 - SFF primitive
   'QSPI_FLASH/QSPI_FLASH/QSPI_LEGACY_MD_GEN.QSPI_CORE_INTERFACE_I/FIFO_EXISTS.C
   LK_CROSS_I/RX_FIFO_EMPTY_AX2S_2' has unconnected output pin
WARNING:NgdBuild:443 - SFF primitive
   'QSPI_FLASH/QSPI_FLASH/QSPI_LEGACY_MD_GEN.QSPI_CORE_INTERFACE_I/FIFO_EXISTS.C
   LK_CROSS_I/SPICR_6_RXFIFO_RST_AX2S_2' has unconnected output pin
WARNING:NgdBuild:443 - SFF primitive
   'QSPI_FLASH/QSPI_FLASH/QSPI_LEGACY_MD_GEN.QSPI_CORE_INTERFACE_I/FIFO_EXISTS.C
   LK_CROSS_I/TX_FIFO_EMPTY_S2AX_2' has unconnected output pin
WARNING:NgdBuild:443 - SFF primitive
   'IIC_MAIN/IIC_MAIN/X_IIC/X_AXI_IPIF_SSP1/X_SOFT_RESET/FF_WRACK' has
   unconnected output pin

Partition Implementation Status
-------------------------------

  Preserved Partitions:


  Implemented Partitions:

    Partition "/system":
Attribute STATE set to IMPLEMENT.

    Partition
"/system/reconfigurable_peripherials_0/reconfigurable_peripherials_0/USER_LOGIC_
I/rp_instance" (Reconfigurable Module "rp_counter"):
Attribute STATE set to IMPLEMENT.

-------------------------------

NGDBUILD Design Results Summary:
  Number of errors:     0
  Number of warnings:  12

Writing NGD file "counter.ngd" ...
Total REAL time to NGDBUILD completion:  32 sec
Total CPU time to NGDBUILD completion:   17 sec

Writing NGDBUILD log file "counter.bld"...

NGDBUILD done.

*** Running map
    with args -intstyle pa -w "counter.ngd"

Using target part "7k325tffg900-2".
vvvvvvvvvvvvvvvvvvvvvvvvvvvvvvvvvvvvvvvvvvvvvvvvvvvvvvvvvvvvvvvvvvvvvv
INFO:Security:56 - Part 'xc7k325t' is not a WebPack part.
WARNING:Security:9b - No 'ISE' feature version 2013.06 was available for part
'xc7k325t'.
WARNING:Security:42 - Your software subscription period has lapsed. Your current
version of Xilinx tools will continue to function, but you no longer qualify for
Xilinx software updates or new releases.
WARNING:Security:42 - Your software subscription period has lapsed. Your current
version of Xilinx tools will continue to function, but you no longer qualify for
Xilinx software updates or new releases.
----------------------------------------------------------------------
Mapping design into LUTs...
Running directed packing...
Running delay-based LUT packing...
Updating timing models...
INFO:Map:215 - The Interim Design Summary has been generated in the MAP Report
   (.mrp).
Running timing-driven placement...
Total REAL time at the beginning of Placer: 33 secs 
Total CPU  time at the beginning of Placer: 32 secs 

Phase 1.1  Initial Placement Analysis
Phase 1.1  Initial Placement Analysis (Checksum:6083a6be) REAL time: 50 secs 

Phase 2.7  Design Feasibility Check
Phase 2.7  Design Feasibility Check (Checksum:6083a6be) REAL time: 50 secs 

Phase 3.31  Local Placement Optimization
Phase 3.31  Local Placement Optimization (Checksum:f9368fce) REAL time: 50 secs 

Phase 4.2  Initial Placement for Architecture Specific Features

Phase 4.2  Initial Placement for Architecture Specific Features
(Checksum:428a451d) REAL time: 59 secs 

Phase 5.30  Global Clock Region Assignment
Phase 5.30  Global Clock Region Assignment (Checksum:428a451d) REAL time: 59 secs 

Phase 6.3  Local Placement Optimization
Phase 6.3  Local Placement Optimization (Checksum:428a451d) REAL time: 1 mins 3 secs 

Phase 7.5  Local Placement Optimization
Phase 7.5  Local Placement Optimization (Checksum:428a451d) REAL time: 1 mins 3 secs 

Phase 8.8  Global Placement
........................................
.....................................
........................................................................................................
.................................................................................
.......................................................................................................
Phase 8.8  Global Placement (Checksum:95817f2) REAL time: 2 mins 12 secs 

Phase 9.5  Local Placement Optimization
Phase 9.5  Local Placement Optimization (Checksum:95817f2) REAL time: 2 mins 12 secs 

Phase 10.18  Placement Optimization
Phase 10.18  Placement Optimization (Checksum:301a1f8f) REAL time: 2 mins 26 secs 

Phase 11.5  Local Placement Optimization
Phase 11.5  Local Placement Optimization (Checksum:301a1f8f) REAL time: 2 mins 26 secs 

Phase 12.34  Placement Validation
Phase 12.34  Placement Validation (Checksum:301a1f8f) REAL time: 2 mins 26 secs 

Total REAL time to Placer completion: 3 mins 37 secs 
Total CPU  time to Placer completion: 3 mins 36 secs 
Running post-placement packing...
Writing output files...

Design Summary:
Number of errors:      0
Number of warnings:   25
Slice Logic Utilization:
  Number of Slice Registers:                 2,950 out of 407,600    1%
    Number used as Flip Flops:               2,912
    Number used as Latches:                      3
    Number used as Latch-thrus:                  0
    Number used as AND/OR logics:               35
  Number of Slice LUTs:                      3,262 out of 203,800    1%
    Number used as logic:                    2,876 out of 203,800    1%
      Number using O6 output only:           2,237
      Number using O5 output only:             106
      Number using O5 and O6:                  533
      Number used as ROM:                        0
    Number used as Memory:                     270 out of  64,000    1%
      Number used as Dual Port RAM:             80
        Number using O6 output only:             8
        Number using O5 output only:             0
        Number using O5 and O6:                 72
      Number used as Single Port RAM:            0
      Number used as Shift Register:           190
        Number using O6 output only:           189
        Number using O5 output only:             1
        Number using O5 and O6:                  0
    Number used exclusively as route-thrus:    116
      Number with same-slice register load:    109
      Number with same-slice carry load:         7
      Number with other load:                    0

Slice Logic Distribution:
  Number of occupied Slices:                 1,554 out of  50,950    3%
  Number of LUT Flip Flop pairs used:        4,094
    Number with an unused Flip Flop:         1,412 out of   4,094   34%
    Number with an unused LUT:                 832 out of   4,094   20%
    Number of fully used LUT-FF pairs:       1,850 out of   4,094   45%
    Number of unique control sets:             230
    Number of slice register sites lost
      to control set restrictions:             895 out of 407,600    1%

  A LUT Flip Flop pair for this architecture represents one LUT paired with
  one Flip Flop within a slice.  A control set is a unique combination of
  clock, reset, set, and enable signals for a registered element.
  The Slice Logic Distribution report is not meaningful if the design is
  over-mapped for a non-slice resource or if Placement fails.
  OVERMAPPING of BRAM resources should be ignored if the design is
  over-mapped for a non-BRAM resource or if placement fails.

IO Utilization:
  Number of bonded IOBs:                        11 out of     500    2%
    Number of LOCed IOBs:                       11 out of      11  100%
    IOB Flip Flops:                              2

Specific Feature Utilization:
  Number of RAMB36E1/FIFO36E1s:                 32 out of     445    7%
    Number using RAMB36E1 only:                 32
    Number using FIFO36E1 only:                  0
  Number of RAMB18E1/FIFO18E1s:                  2 out of     890    1%
    Number using RAMB18E1 only:                  2
    Number using FIFO18E1 only:                  0
  Number of BUFG/BUFGCTRLs:                      3 out of      32    9%
    Number used as BUFGs:                        2
    Number used as BUFGCTRLs:                    1
  Number of IDELAYE2/IDELAYE2_FINEDELAYs:        0 out of     500    0%
  Number of ILOGICE2/ILOGICE3/ISERDESE2s:        0 out of     500    0%
  Number of ODELAYE2/ODELAYE2_FINEDELAYs:        0 out of     150    0%
  Number of OLOGICE2/OLOGICE3/OSERDESE2s:        2 out of     500    1%
    Number used as OLOGICE2s:                    2
    Number used as OLOGICE3s:                    0
    Number used as OSERDESE2s:                   0
  Number of PHASER_IN/PHASER_IN_PHYs:            0 out of      40    0%
  Number of PHASER_OUT/PHASER_OUT_PHYs:          0 out of      40    0%
  Number of BSCANs:                              1 out of       4   25%
  Number of BUFHCEs:                             0 out of     168    0%
  Number of BUFRs:                               0 out of      40    0%
  Number of CAPTUREs:                            0 out of       1    0%
  Number of DNA_PORTs:                           0 out of       1    0%
  Number of DSP48E1s:                            3 out of     840    1%
  Number of EFUSE_USRs:                          0 out of       1    0%
  Number of FRAME_ECCs:                          0 out of       1    0%
  Number of GTXE2_CHANNELs:                      0 out of      16    0%
  Number of GTXE2_COMMONs:                       0 out of       4    0%
  Number of IBUFDS_GTE2s:                        0 out of       8    0%
  Number of ICAPs:                               1 out of       2   50%
  Number of IDELAYCTRLs:                         0 out of      10    0%
  Number of IN_FIFOs:                            0 out of      40    0%
  Number of MMCME2_ADVs:                         1 out of      10   10%
  Number of OUT_FIFOs:                           0 out of      40    0%
  Number of PCIE_2_1s:                           0 out of       1    0%
  Number of PHASER_REFs:                         0 out of      10    0%
  Number of PHY_CONTROLs:                        0 out of      10    0%
  Number of PLLE2_ADVs:                          0 out of      10    0%
  Number of STARTUPs:                            1 out of       1  100%
  Number of XADCs:                               0 out of       1    0%

Average Fanout of Non-Clock Nets:                4.17

Peak Memory Usage:  1327 MB
Total REAL time to MAP completion:  3 mins 42 secs 
Total CPU time to MAP completion:   3 mins 41 secs 

Mapping completed.
See MAP report file "counter.mrp" for details.

*** Running par
    with args -intstyle pa "counter.ncd" -w "counter_routed.ncd"




Constraints file: counter.pcf.
Loading device for application Rf_Device from file '7k325t.nph' in environment C:\Xilinx\14.6\ISE_DS\ISE\.
   "system" is an NCD, version 3.2, device xc7k325t, package ffg900, speed -2
vvvvvvvvvvvvvvvvvvvvvvvvvvvvvvvvvvvvvvvvvvvvvvvvvvvvvvvvvvvvvvvvvvvvvv
INFO:Security:56 - Part 'xc7k325t' is not a WebPack part.
WARNING:Security:9b - No 'ISE' feature version 2013.06 was available for part 'xc7k325t'.
WARNING:Security:42 - Your software subscription period has lapsed. Your current version of Xilinx tools will continue
to function, but you no longer qualify for Xilinx software updates or new releases.
WARNING:Security:42 - Your software subscription period has lapsed. Your current version of Xilinx tools will continue
to function, but you no longer qualify for Xilinx software updates or new releases.

----------------------------------------------------------------------

Initializing temperature to 85.000 Celsius. (default - Range: 0.000 to 85.000 Celsius)
Initializing voltage to 0.970 Volts. (default - Range: 0.970 to 1.030 Volts)


Device speed data version:  "PRODUCTION 1.09 2013-06-08".



Device Utilization Summary:

Slice Logic Utilization:
  Number of Slice Registers:                 2,950 out of 407,600    1%
    Number used as Flip Flops:               2,912
    Number used as Latches:                      3
    Number used as Latch-thrus:                  0
    Number used as AND/OR logics:               35
  Number of Slice LUTs:                      3,262 out of 203,800    1%
    Number used as logic:                    2,876 out of 203,800    1%
      Number using O6 output only:           2,237
      Number using O5 output only:             106
      Number using O5 and O6:                  533
      Number used as ROM:                        0
    Number used as Memory:                     270 out of  64,000    1%
      Number used as Dual Port RAM:             80
        Number using O6 output only:             8
        Number using O5 output only:             0
        Number using O5 and O6:                 72
      Number used as Single Port RAM:            0
      Number used as Shift Register:           190
        Number using O6 output only:           189
        Number using O5 output only:             1
        Number using O5 and O6:                  0
    Number used exclusively as route-thrus:    116
      Number with same-slice register load:    109
      Number with same-slice carry load:         7
      Number with other load:                    0

Slice Logic Distribution:
  Number of occupied Slices:                 1,554 out of  50,950    3%
  Number of LUT Flip Flop pairs used:        4,094
    Number with an unused Flip Flop:         1,412 out of   4,094   34%
    Number with an unused LUT:                 832 out of   4,094   20%
    Number of fully used LUT-FF pairs:       1,850 out of   4,094   45%
    Number of slice register sites lost
      to control set restrictions:               0 out of 407,600    0%

  A LUT Flip Flop pair for this architecture represents one LUT paired with
  one Flip Flop within a slice.  A control set is a unique combination of
  clock, reset, set, and enable signals for a registered element.
  The Slice Logic Distribution report is not meaningful if the design is
  over-mapped for a non-slice resource or if Placement fails.
  OVERMAPPING of BRAM resources should be ignored if the design is
  over-mapped for a non-BRAM resource or if placement fails.

IO Utilization:
  Number of bonded IOBs:                        11 out of     500    2%
    Number of LOCed IOBs:                       11 out of      11  100%
    IOB Flip Flops:                              2

Specific Feature Utilization:
  Number of RAMB36E1/FIFO36E1s:                 32 out of     445    7%
    Number using RAMB36E1 only:                 32
    Number using FIFO36E1 only:                  0
  Number of RAMB18E1/FIFO18E1s:                  2 out of     890    1%
    Number using RAMB18E1 only:                  2
    Number using FIFO18E1 only:                  0
  Number of BUFG/BUFGCTRLs:                      3 out of      32    9%
    Number used as BUFGs:                        2
    Number used as BUFGCTRLs:                    1
  Number of IDELAYE2/IDELAYE2_FINEDELAYs:        0 out of     500    0%
  Number of ILOGICE2/ILOGICE3/ISERDESE2s:        0 out of     500    0%
  Number of ODELAYE2/ODELAYE2_FINEDELAYs:        0 out of     150    0%
  Number of OLOGICE2/OLOGICE3/OSERDESE2s:        2 out of     500    1%
    Number used as OLOGICE2s:                    2
    Number used as OLOGICE3s:                    0
    Number used as OSERDESE2s:                   0
  Number of PHASER_IN/PHASER_IN_PHYs:            0 out of      40    0%
  Number of PHASER_OUT/PHASER_OUT_PHYs:          0 out of      40    0%
  Number of BSCANs:                              1 out of       4   25%
  Number of BUFHCEs:                             0 out of     168    0%
  Number of BUFRs:                               0 out of      40    0%
  Number of CAPTUREs:                            0 out of       1    0%
  Number of DNA_PORTs:                           0 out of       1    0%
  Number of DSP48E1s:                            3 out of     840    1%
  Number of EFUSE_USRs:                          0 out of       1    0%
  Number of FRAME_ECCs:                          0 out of       1    0%
  Number of GTXE2_CHANNELs:                      0 out of      16    0%
  Number of GTXE2_COMMONs:                       0 out of       4    0%
  Number of IBUFDS_GTE2s:                        0 out of       8    0%
  Number of ICAPs:                               1 out of       2   50%
  Number of IDELAYCTRLs:                         0 out of      10    0%
  Number of IN_FIFOs:                            0 out of      40    0%
  Number of MMCME2_ADVs:                         1 out of      10   10%
  Number of OUT_FIFOs:                           0 out of      40    0%
  Number of PCIE_2_1s:                           0 out of       1    0%
  Number of PHASER_REFs:                         0 out of      10    0%
  Number of PHY_CONTROLs:                        0 out of      10    0%
  Number of PLLE2_ADVs:                          0 out of      10    0%
  Number of STARTUPs:                            1 out of       1  100%
  Number of XADCs:                               0 out of       1    0%


Overall effort level (-ol):   Standard 
Router effort level (-rl):    High 

Starting initial Timing Analysis.  REAL time: 20 secs 
Finished initial Timing Analysis.  REAL time: 20 secs 

WARNING:Par:288 - The signal
   QSPI_FLASH/QSPI_FLASH/QSPI_LEGACY_MD_GEN.QSPI_CORE_INTERFACE_I/FIFO_EXISTS.TX_FIFO_II/USE_2N_DEPTH.V6_S6_AND_LATER.I_ASYNC_FIFO_BRAM/U0/x
   st_fifo_generator/gconvfifo.rf/grf.rf/gntv_or_sync_fifo.mem/gdm.dm/Mram_RAM1_RAMD_D1_O has no load.  PAR will not attempt to route this
   signal.
WARNING:Par:288 - The signal
   QSPI_FLASH/QSPI_FLASH/QSPI_LEGACY_MD_GEN.QSPI_CORE_INTERFACE_I/FIFO_EXISTS.RX_FIFO_II/USE_2N_DEPTH.V6_S6_AND_LATER.I_ASYNC_FIFO_BRAM/U0/x
   st_fifo_generator/gconvfifo.rf/grf.rf/gntv_or_sync_fifo.mem/gdm.dm/Mram_RAM1_RAMD_D1_O has no load.  PAR will not attempt to route this
   signal.
WARNING:Par:288 - The signal
   microblaze_0/microblaze_0/MicroBlaze_Core_I/Performance.Data_Flow_I/Register_File_I/Using_LUT6.All_RAM32M[12].ram32m_i_RAMD_D1_O has no
   load.  PAR will not attempt to route this signal.
WARNING:Par:288 - The signal
   microblaze_0/microblaze_0/MicroBlaze_Core_I/Performance.Data_Flow_I/Register_File_I/Using_LUT6.All_RAM32M[15].ram32m_i_RAMD_D1_O has no
   load.  PAR will not attempt to route this signal.
WARNING:Par:288 - The signal
   microblaze_0/microblaze_0/MicroBlaze_Core_I/Performance.Data_Flow_I/Register_File_I/Using_LUT6.All_RAM32M[10].ram32m_i_RAMD_D1_O has no
   load.  PAR will not attempt to route this signal.
WARNING:Par:288 - The signal
   microblaze_0/microblaze_0/MicroBlaze_Core_I/Performance.Data_Flow_I/Register_File_I/Using_LUT6.All_RAM32M[8].ram32m_i_RAMD_D1_O has no
   load.  PAR will not attempt to route this signal.
WARNING:Par:288 - The signal
   microblaze_0/microblaze_0/MicroBlaze_Core_I/Performance.Data_Flow_I/Register_File_I/Using_LUT6.All_RAM32M[6].ram32m_i_RAMD_D1_O has no
   load.  PAR will not attempt to route this signal.
WARNING:Par:288 - The signal
   microblaze_0/microblaze_0/MicroBlaze_Core_I/Performance.Data_Flow_I/Register_File_I/Using_LUT6.All_RAM32M[4].ram32m_i_RAMD_D1_O has no
   load.  PAR will not attempt to route this signal.
WARNING:Par:288 - The signal
   microblaze_0/microblaze_0/MicroBlaze_Core_I/Performance.Data_Flow_I/Register_File_I/Using_LUT6.All_RAM32M[2].ram32m_i_RAMD_D1_O has no
   load.  PAR will not attempt to route this signal.
WARNING:Par:288 - The signal
   microblaze_0/microblaze_0/MicroBlaze_Core_I/Performance.Data_Flow_I/Register_File_I/Using_LUT6.All_RAM32M[14].ram32m_i_RAMD_D1_O has no
   load.  PAR will not attempt to route this signal.
WARNING:Par:288 - The signal
   microblaze_0/microblaze_0/MicroBlaze_Core_I/Performance.Data_Flow_I/Register_File_I/Using_LUT6.All_RAM32M[13].ram32m_i_RAMD_D1_O has no
   load.  PAR will not attempt to route this signal.
WARNING:Par:288 - The signal
   microblaze_0/microblaze_0/MicroBlaze_Core_I/Performance.Data_Flow_I/Register_File_I/Using_LUT6.All_RAM32M[11].ram32m_i_RAMD_D1_O has no
   load.  PAR will not attempt to route this signal.
WARNING:Par:288 - The signal
   microblaze_0/microblaze_0/MicroBlaze_Core_I/Performance.Data_Flow_I/Register_File_I/Using_LUT6.All_RAM32M[9].ram32m_i_RAMD_D1_O has no
   load.  PAR will not attempt to route this signal.
WARNING:Par:288 - The signal
   microblaze_0/microblaze_0/MicroBlaze_Core_I/Performance.Data_Flow_I/Register_File_I/Using_LUT6.All_RAM32M[7].ram32m_i_RAMD_D1_O has no
   load.  PAR will not attempt to route this signal.
WARNING:Par:288 - The signal
   microblaze_0/microblaze_0/MicroBlaze_Core_I/Performance.Data_Flow_I/Register_File_I/Using_LUT6.All_RAM32M[5].ram32m_i_RAMD_D1_O has no
   load.  PAR will not attempt to route this signal.
WARNING:Par:288 - The signal
   microblaze_0/microblaze_0/MicroBlaze_Core_I/Performance.Data_Flow_I/Register_File_I/Using_LUT6.All_RAM32M[3].ram32m_i_RAMD_D1_O has no
   load.  PAR will not attempt to route this signal.
WARNING:Par:288 - The signal
   microblaze_0/microblaze_0/MicroBlaze_Core_I/Performance.Data_Flow_I/Register_File_I/Using_LUT6.All_RAM32M[0].ram32m_i_RAMD_D1_O has no
   load.  PAR will not attempt to route this signal.
WARNING:Par:288 - The signal
   microblaze_0/microblaze_0/MicroBlaze_Core_I/Performance.Data_Flow_I/Register_File_I/Using_LUT6.All_RAM32M[1].ram32m_i_RAMD_D1_O has no
   load.  PAR will not attempt to route this signal.
WARNING:Par:288 - The signal microblaze_0_d_bram_ctrl_2_microblaze_0_bram_block_BRAM_Addr[30] has no load.  PAR will not attempt to route
   this signal.
WARNING:Par:288 - The signal microblaze_0_d_bram_ctrl_2_microblaze_0_bram_block_BRAM_Addr[31] has no load.  PAR will not attempt to route
   this signal.
Starting Router


Phase  1  : 26623 unrouted;      REAL time: 2 mins 8 secs 

Phase  2  : 19893 unrouted;      REAL time: 2 mins 11 secs 

Phase  3  : 6412 unrouted;      REAL time: 2 mins 18 secs 

Phase  4  : 6412 unrouted; (Setup:0, Hold:42074, Component Switching Limit:0)     REAL time: 2 mins 29 secs 

Updating file: counter_routed.ncd with current fully routed design.

Phase  5  : 0 unrouted; (Setup:0, Hold:37098, Component Switching Limit:0)     REAL time: 2 mins 36 secs 

Phase  6  : 0 unrouted; (Setup:0, Hold:37098, Component Switching Limit:0)     REAL time: 2 mins 36 secs 

Phase  7  : 0 unrouted; (Setup:0, Hold:37098, Component Switching Limit:0)     REAL time: 2 mins 36 secs 

Phase  8  : 0 unrouted; (Setup:0, Hold:37098, Component Switching Limit:0)     REAL time: 2 mins 36 secs 

Phase  9  : 0 unrouted; (Setup:0, Hold:0, Component Switching Limit:0)     REAL time: 2 mins 39 secs 
Total REAL time to Router completion: 2 mins 39 secs 
Total CPU time to Router completion: 2 mins 38 secs 

Partition Implementation Status
-------------------------------

  Preserved Partitions:


  Implemented Partitions:

    Partition "/system"

Attribute STATE set to IMPLEMENT.

    Partition "/system/reconfigurable_peripherials_0/reconfigurable_peripherials_0/USER_LOGIC_I/rp_instance" (Reconfigurable Module
"rp_counter")

Attribute STATE set to IMPLEMENT.

-------------------------------

Generating "PAR" statistics.

**************************
Generating Clock Report
**************************

+---------------------+--------------+------+------+------------+-------------+
|        Clock Net    |   Resource   |Locked|Fanout|Net Skew(ns)|Max Delay(ns)|
+---------------------+--------------+------+------+------------+-------------+
|     clk_100_0000MHz | BUFGCTRL_X0Y0| No   | 1353 |  0.526     |  1.807      |
+---------------------+--------------+------+------+------------+-------------+
|microblaze_0_debug_D |              |      |      |            |             |
|              bg_Clk |BUFGCTRL_X0Y31| No   |   74 |  0.243     |  1.633      |
+---------------------+--------------+------+------+------------+-------------+
|axi_hwicap_0/axi_hwi |              |      |      |            |             |
|cap_0/HWICAP_CTRL_I/ |              |      |      |            |             |
|            gate_clk | BUFGCTRL_X0Y1| No   |    1 |  0.000     |  1.470      |
+---------------------+--------------+------+------+------------+-------------+
|microblaze_0_debug_D |              |      |      |            |             |
|           bg_Update |         Local|      |   21 |  0.911     |  1.855      |
+---------------------+--------------+------+------+------------+-------------+
|axi_hwicap_0/axi_hwi |              |      |      |            |             |
|cap_0/HWICAP_CTRL_I/ |              |      |      |            |             |
|icap_statemachine_I1 |              |      |      |            |             |
|/icap_nstate_cs[3]_P |              |      |      |            |             |
|    WR_54_o_Mux_51_o |         Local|      |    1 |  0.000     |  0.541      |
+---------------------+--------------+------+------+------------+-------------+
|axi_hwicap_0/axi_hwi |              |      |      |            |             |
|cap_0/HWICAP_CTRL_I/ |              |      |      |            |             |
|icap_statemachine_I1 |              |      |      |            |             |
|/icap_nstate_cs[3]_P |              |      |      |            |             |
|    WR_53_o_Mux_49_o |         Local|      |    1 |  0.000     |  0.492      |
+---------------------+--------------+------+------+------------+-------------+
|axi_hwicap_0/axi_hwi |              |      |      |            |             |
|cap_0/HWICAP_CTRL_I/ |              |      |      |            |             |
|icap_statemachine_I1 |              |      |      |            |             |
|/icap_nstate_cs[3]_P |              |      |      |            |             |
|    WR_52_o_Mux_47_o |         Local|      |    1 |  0.000     |  0.400      |
+---------------------+--------------+------+------+------------+-------------+
|                 CLK |         Local|      |    1 |  0.000     |  1.081      |
+---------------------+--------------+------+------+------------+-------------+
|clock_generator_0/cl |              |      |      |            |             |
|ock_generator_0/SIG_ |              |      |      |            |             |
|      MMCM1_CLKFBOUT |         Local|      |    1 |  0.000     |  0.012      |
+---------------------+--------------+------+------+------------+-------------+
|reconfigurable_perip |              |      |      |            |             |
|herials_0/reconfigur |              |      |      |            |             |
|able_peripherials_0/ |              |      |      |            |             |
|USER_LOGIC_I/rp_inst |              |      |      |            |             |
|           ance/a[0] |         Local|      |   10 |  0.263     |  0.596      |
+---------------------+--------------+------+------+------------+-------------+

* Net Skew is the difference between the minimum and maximum routing
only delays for the net. Note this is different from Clock Skew which
is reported in TRCE timing report. Clock Skew is the difference between
the minimum and maximum path delays which includes logic delays.

* The fanout is the number of component pins not the individual BEL loads,
for example SLICE loads not FF loads.

Timing Score: 0 (Setup: 0, Hold: 0, Component Switching Limit: 0)

Number of Timing Constraints that were not applied: 1

Asterisk (*) preceding a constraint indicates it was not met.
   This may be due to a setup or hold violation.

----------------------------------------------------------------------------------------------------------
  Constraint                                |    Check    | Worst Case |  Best Case | Timing |   Timing   
                                            |             |    Slack   | Achievable | Errors |    Score   
----------------------------------------------------------------------------------------------------------
  TS_clock_generator_0_clock_generator_0_SI | SETUP       |     1.626ns|     6.748ns|       0|           0
  G_MMCM1_CLKOUT0 = PERIOD TIMEGRP          | HOLD        |     0.000ns|            |       0|           0
  "clock_generator_0_clock_generator_0_SIG_ | MINPERIOD   |     0.000ns|    10.000ns|       0|           0
  MMCM1_CLKOUT0" TS_sys_clk_pin         * 0 |             |            |            |        |            
  .5 HIGH 50%                               |             |            |            |        |            
----------------------------------------------------------------------------------------------------------
  TS_sys_clk_pin = PERIOD TIMEGRP "sys_clk_ | MINLOWPULSE |     2.200ns|     2.800ns|       0|           0
  pin" 200 MHz HIGH 50%                     |             |            |            |        |            
----------------------------------------------------------------------------------------------------------


Derived Constraint Report
Review Timing Report for more details on the following derived constraints.
To create a Timing Report, run "trce -v 12 -fastpaths -o design_timing_report design.ncd design.pcf"
or "Run Timing Analysis" from Timing Analyzer (timingan).
Derived Constraints for TS_sys_clk_pin
+-------------------------------+-------------+-------------+-------------+-------------+-------------+-------------+-------------+
|                               |   Period    |       Actual Period       |      Timing Errors        |      Paths Analyzed       |
|           Constraint          | Requirement |-------------+-------------|-------------+-------------|-------------+-------------|
|                               |             |   Direct    | Derivative  |   Direct    | Derivative  |   Direct    | Derivative  |
+-------------------------------+-------------+-------------+-------------+-------------+-------------+-------------+-------------+
|TS_sys_clk_pin                 |      5.000ns|      2.800ns|      5.000ns|            0|            0|            0|       544770|
| TS_clock_generator_0_clock_gen|     10.000ns|     10.000ns|          N/A|            0|            0|       544770|            0|
| erator_0_SIG_MMCM1_CLKOUT0    |             |             |             |             |             |             |             |
+-------------------------------+-------------+-------------+-------------+-------------+-------------+-------------+-------------+

All constraints were met.


Generating Pad Report.

All signals are completely routed.

WARNING:Par:283 - There are 20 loadless signals in this design. This design will cause Bitgen to issue DRC warnings.

Total REAL time to PAR completion: 2 mins 44 secs 
Total CPU time to PAR completion: 2 mins 43 secs 

Peak Memory Usage:  1125 MB

Placer: Placement generated during map.
Routing: Completed - No errors found.
Timing: Completed - No errors found.

Number of error messages: 0
Number of warning messages: 22
Number of info messages: 0

Writing design to file counter_routed.ncd



PAR done!

*** Running trce
    with args -intstyle ise -o "counter.twr" -v 30 -l 30 "counter_routed.ncd" "counter.pcf"

Loading device for application Rf_Device from file '7k325t.nph' in environment
C:\Xilinx\14.6\ISE_DS\ISE\.
   "system" is an NCD, version 3.2, device xc7k325t, package ffg900, speed -2

Analysis completed Thu May 08 15:52:00 2014
--------------------------------------------------------------------------------

Generating Report ...

Number of warnings: 0
Total time: 23 secs 

*** Running xdl
    with args -secure -ncd2xdl -nopips "counter_routed.ncd" "counter_routed.xdl"

Release 14.6 - xdl P.68d (nt64)
Copyright (c) 1995-2013 Xilinx, Inc.  All rights reserved.

WARNING:XDL:213 - The resulting xdl output will not have LUT equation strings or RAM INIT strings.
Loading device for application Rf_Device from file '7k325t.nph' in environment C:\Xilinx\14.6\ISE_DS\ISE\.
   "system" is an NCD, version 3.2, device xc7k325t, package ffg900, speed -2
Successfully converted design 'counter_routed.ncd' to 'counter_routed.xdl'.
