Release 14.6 - xst P.68d (nt64)
Copyright (c) 1995-2013 Xilinx, Inc.  All rights reserved.
--> Parameter TMPDIR set to xst/projnav.tmp


Total REAL time to Xst completion: 0.00 secs
Total CPU time to Xst completion: 0.08 secs
 
--> Parameter xsthdpdir set to xst


Total REAL time to Xst completion: 0.00 secs
Total CPU time to Xst completion: 0.08 secs
 
--> Reading design: rp.prj

TABLE OF CONTENTS
  1) Synthesis Options Summary
  2) HDL Parsing
  3) HDL Elaboration
  4) HDL Synthesis
       4.1) HDL Synthesis Report
  5) Advanced HDL Synthesis
       5.1) Advanced HDL Synthesis Report
  6) Low Level Synthesis
  7) Partition Report
  8) Design Summary
       8.1) Primitive and Black Box Usage
       8.2) Device utilization summary
       8.3) Partition Resource Summary
       8.4) Timing Report
            8.4.1) Clock Information
            8.4.2) Asynchronous Control Signals Information
            8.4.3) Timing Summary
            8.4.4) Timing Details
            8.4.5) Cross Clock Domains Report


=========================================================================
*                      Synthesis Options Summary                        *
=========================================================================
---- Source Parameters
Input File Name                    : "rp.prj"
Ignore Synthesis Constraint File   : NO

---- Target Parameters
Output File Name                   : "rp"
Output Format                      : NGC
Target Device                      : xc7k325t-2-ffg900

---- Source Options
Top Module Name                    : rp
Automatic FSM Extraction           : YES
FSM Encoding Algorithm             : Auto
Safe Implementation                : No
FSM Style                          : LUT
RAM Extraction                     : Yes
RAM Style                          : Auto
ROM Extraction                     : Yes
Shift Register Extraction          : YES
ROM Style                          : Auto
Resource Sharing                   : YES
Asynchronous To Synchronous        : NO
Shift Register Minimum Size        : 2
Use DSP Block                      : Auto
Automatic Register Balancing       : No

---- Target Options
LUT Combining                      : Auto
Reduce Control Sets                : Auto
Add IO Buffers                     : NO
Global Maximum Fanout              : 100000
Add Generic Clock Buffer(BUFG)     : 32
Register Duplication               : YES
Optimize Instantiated Primitives   : NO
Use Clock Enable                   : Auto
Use Synchronous Set                : Auto
Use Synchronous Reset              : Auto
Pack IO Registers into IOBs        : Auto
Equivalent register Removal        : YES

---- General Options
Optimization Goal                  : Speed
Optimization Effort                : 1
Power Reduction                    : NO
Keep Hierarchy                     : No
Netlist Hierarchy                  : As_Optimized
RTL Output                         : Yes
Global Optimization                : AllClockNets
Read Cores                         : YES
Write Timing Constraints           : NO
Cross Clock Analysis               : NO
Hierarchy Separator                : /
Bus Delimiter                      : <>
Case Specifier                     : Maintain
Slice Utilization Ratio            : 100
BRAM Utilization Ratio             : 100
DSP48 Utilization Ratio            : 100
Auto BRAM Packing                  : NO
Slice Utilization Ratio Delta      : 5

=========================================================================


=========================================================================
*                          HDL Parsing                                  *
=========================================================================
Analyzing Verilog file "C:\Users\ECE\Documents\PR_Project\pcores\reconfig_modules_source\rp_heater\rp.v" into library work
Parsing module <rp>.

=========================================================================
*                            HDL Elaboration                            *
=========================================================================

Elaborating module <rp>.

=========================================================================
*                           HDL Synthesis                               *
=========================================================================

Synthesizing Unit <rp>.
    Related source file is "C:\Users\ECE\Documents\PR_Project\pcores\reconfig_modules_source\rp_heater\rp.v".
WARNING:Xst:647 - Input <Reset_n> is never used. This port will be preserved and left unconnected if it belongs to a top-level block or it belongs to a sub-block and the hierarchy of this sub-block is preserved.
    Found 32-bit register for signal <reg_1>.
    Found 32-bit adder for signal <reg_1[31]_GND_1_o_add_4_OUT> created at line 87.
    Summary:
	inferred   1 Adder/Subtractor(s).
	inferred  32 D-type flip-flop(s).
Unit <rp> synthesized.

=========================================================================
HDL Synthesis Report

Macro Statistics
# Adders/Subtractors                                   : 1
 32-bit adder                                          : 1
# Registers                                            : 1
 32-bit register                                       : 1

=========================================================================

=========================================================================
*                       Advanced HDL Synthesis                          *
=========================================================================


Synthesizing (advanced) Unit <rp>.
The following registers are absorbed into counter <reg_1>: 1 register on signal <reg_1>.
Unit <rp> synthesized (advanced).

=========================================================================
Advanced HDL Synthesis Report

Macro Statistics
# Counters                                             : 1
 32-bit up counter                                     : 1

=========================================================================

=========================================================================
*                         Low Level Synthesis                           *
=========================================================================

Optimizing unit <rp> ...

Mapping all equations...
Building and optimizing final netlist ...
Found area constraint ratio of 100 (+ 5) on block rp, actual ratio is 0.

Final Macro Processing ...

=========================================================================
Final Register Report

Macro Statistics
# Registers                                            : 32
 Flip-Flops                                            : 32

=========================================================================

=========================================================================
*                           Partition Report                            *
=========================================================================

Partition Implementation Status
-------------------------------

  No Partitions were found in this design.

-------------------------------

=========================================================================
*                            Design Summary                             *
=========================================================================

Top Level Output File Name         : rp.ngc

Primitive and Black Box Usage:
------------------------------
# BELS                             : 103
#      GND                         : 1
#      INV                         : 1
#      LUT1                        : 30
#      LUT2                        : 1
#      LUT6                        : 6
#      MUXCY                       : 31
#      VCC                         : 1
#      XORCY                       : 32
# FlipFlops/Latches                : 32
#      FDR                         : 32

Device utilization summary:
---------------------------

Selected Device : 7k325tffg900-2 


Slice Logic Utilization: 
 Number of Slice Registers:              32  out of  407600     0%  
 Number of Slice LUTs:                   38  out of  203800     0%  
    Number used as Logic:                38  out of  203800     0%  

Slice Logic Distribution: 
 Number of LUT Flip Flop pairs used:     39
   Number with an unused Flip Flop:       7  out of     39    17%  
   Number with an unused LUT:             1  out of     39     2%  
   Number of fully used LUT-FF pairs:    31  out of     39    79%  
   Number of unique control sets:         1

IO Utilization: 
 Number of IOs:                          66
 Number of bonded IOBs:                   0  out of    500     0%  

Specific Feature Utilization:

---------------------------
Partition Resource Summary:
---------------------------

  No Partitions were found in this design.

---------------------------


=========================================================================
Timing Report

NOTE: THESE TIMING NUMBERS ARE ONLY A SYNTHESIS ESTIMATE.
      FOR ACCURATE TIMING INFORMATION PLEASE REFER TO THE TRACE REPORT
      GENERATED AFTER PLACE-and-ROUTE.

Clock Information:
------------------
-----------------------------------+------------------------+-------+
Clock Signal                       | Clock buffer(FF name)  | Load  |
-----------------------------------+------------------------+-------+
Clk                                | NONE(reg_1_0)          | 32    |
-----------------------------------+------------------------+-------+
INFO:Xst:2169 - HDL ADVISOR - Some clock signals were not automatically buffered by XST with BUFG/BUFR resources. Please use the buffer_type constraint in order to insert these buffers to the clock signals to help prevent skew problems.

Asynchronous Control Signals Information:
----------------------------------------
No asynchronous control signals found in this design

Timing Summary:
---------------
Speed Grade: -2

   Minimum period: 1.534ns (Maximum Frequency: 651.827MHz)
   Minimum input arrival time before clock: 1.706ns
   Maximum output required time after clock: 0.236ns
   Maximum combinational path delay: No path found

Timing Details:
---------------
All values displayed in nanoseconds (ns)

=========================================================================
Timing constraint: Default period analysis for Clock 'Clk'
  Clock period: 1.534ns (frequency: 651.827MHz)
  Total number of paths / destination ports: 528 / 32
-------------------------------------------------------------------------
Delay:               1.534ns (Levels of Logic = 33)
  Source:            reg_1_0 (FF)
  Destination:       reg_1_31 (FF)
  Source Clock:      Clk rising
  Destination Clock: Clk rising

  Data Path: reg_1_0 to reg_1_31
                                Gate     Net
    Cell:in->out      fanout   Delay   Delay  Logical Name (Net Name)
    ----------------------------------------  ------------
     FDR:C->Q              1   0.236   0.339  reg_1_0 (reg_1_0)
     INV:I->O              1   0.054   0.000  Mcount_reg_1_lut<0>_INV_0 (Mcount_reg_1_lut<0>)
     MUXCY:S->O            1   0.238   0.000  Mcount_reg_1_cy<0> (Mcount_reg_1_cy<0>)
     MUXCY:CI->O           1   0.013   0.000  Mcount_reg_1_cy<1> (Mcount_reg_1_cy<1>)
     MUXCY:CI->O           1   0.013   0.000  Mcount_reg_1_cy<2> (Mcount_reg_1_cy<2>)
     MUXCY:CI->O           1   0.013   0.000  Mcount_reg_1_cy<3> (Mcount_reg_1_cy<3>)
     MUXCY:CI->O           1   0.013   0.000  Mcount_reg_1_cy<4> (Mcount_reg_1_cy<4>)
     MUXCY:CI->O           1   0.013   0.000  Mcount_reg_1_cy<5> (Mcount_reg_1_cy<5>)
     MUXCY:CI->O           1   0.013   0.000  Mcount_reg_1_cy<6> (Mcount_reg_1_cy<6>)
     MUXCY:CI->O           1   0.013   0.000  Mcount_reg_1_cy<7> (Mcount_reg_1_cy<7>)
     MUXCY:CI->O           1   0.013   0.000  Mcount_reg_1_cy<8> (Mcount_reg_1_cy<8>)
     MUXCY:CI->O           1   0.013   0.000  Mcount_reg_1_cy<9> (Mcount_reg_1_cy<9>)
     MUXCY:CI->O           1   0.013   0.000  Mcount_reg_1_cy<10> (Mcount_reg_1_cy<10>)
     MUXCY:CI->O           1   0.013   0.000  Mcount_reg_1_cy<11> (Mcount_reg_1_cy<11>)
     MUXCY:CI->O           1   0.013   0.000  Mcount_reg_1_cy<12> (Mcount_reg_1_cy<12>)
     MUXCY:CI->O           1   0.013   0.000  Mcount_reg_1_cy<13> (Mcount_reg_1_cy<13>)
     MUXCY:CI->O           1   0.014   0.000  Mcount_reg_1_cy<14> (Mcount_reg_1_cy<14>)
     MUXCY:CI->O           1   0.014   0.000  Mcount_reg_1_cy<15> (Mcount_reg_1_cy<15>)
     MUXCY:CI->O           1   0.014   0.000  Mcount_reg_1_cy<16> (Mcount_reg_1_cy<16>)
     MUXCY:CI->O           1   0.014   0.000  Mcount_reg_1_cy<17> (Mcount_reg_1_cy<17>)
     MUXCY:CI->O           1   0.014   0.000  Mcount_reg_1_cy<18> (Mcount_reg_1_cy<18>)
     MUXCY:CI->O           1   0.014   0.000  Mcount_reg_1_cy<19> (Mcount_reg_1_cy<19>)
     MUXCY:CI->O           1   0.014   0.000  Mcount_reg_1_cy<20> (Mcount_reg_1_cy<20>)
     MUXCY:CI->O           1   0.014   0.000  Mcount_reg_1_cy<21> (Mcount_reg_1_cy<21>)
     MUXCY:CI->O           1   0.014   0.000  Mcount_reg_1_cy<22> (Mcount_reg_1_cy<22>)
     MUXCY:CI->O           1   0.014   0.000  Mcount_reg_1_cy<23> (Mcount_reg_1_cy<23>)
     MUXCY:CI->O           1   0.014   0.000  Mcount_reg_1_cy<24> (Mcount_reg_1_cy<24>)
     MUXCY:CI->O           1   0.014   0.000  Mcount_reg_1_cy<25> (Mcount_reg_1_cy<25>)
     MUXCY:CI->O           1   0.014   0.000  Mcount_reg_1_cy<26> (Mcount_reg_1_cy<26>)
     MUXCY:CI->O           1   0.014   0.000  Mcount_reg_1_cy<27> (Mcount_reg_1_cy<27>)
     MUXCY:CI->O           1   0.014   0.000  Mcount_reg_1_cy<28> (Mcount_reg_1_cy<28>)
     MUXCY:CI->O           1   0.014   0.000  Mcount_reg_1_cy<29> (Mcount_reg_1_cy<29>)
     MUXCY:CI->O           0   0.014   0.000  Mcount_reg_1_cy<30> (Mcount_reg_1_cy<30>)
     XORCY:CI->O           1   0.262   0.000  Mcount_reg_1_xor<31> (Result<31>)
     FDR:D                    -0.000          reg_1_31
    ----------------------------------------
    Total                      1.534ns (1.195ns logic, 0.339ns route)
                                       (77.9% logic, 22.1% route)

=========================================================================
Timing constraint: Default OFFSET IN BEFORE for Clock 'Clk'
  Total number of paths / destination ports: 1024 / 32
-------------------------------------------------------------------------
Offset:              1.706ns (Levels of Logic = 2)
  Source:            reg_0<13> (PAD)
  Destination:       reg_1_0 (FF)
  Destination Clock: Clk rising

  Data Path: reg_0<13> to reg_1_0
                                Gate     Net
    Cell:in->out      fanout   Delay   Delay  Logical Name (Net Name)
    ----------------------------------------  ------------
     LUT6:I0->O            1   0.043   0.613  n0000<31>1 (n0000<31>)
     LUT6:I0->O           32   0.043   0.469  n0000<31>7 (n0000)
     FDR:R                     0.264          reg_1_0
    ----------------------------------------
    Total                      1.706ns (0.624ns logic, 1.082ns route)
                                       (36.6% logic, 63.4% route)

=========================================================================
Timing constraint: Default OFFSET OUT AFTER for Clock 'Clk'
  Total number of paths / destination ports: 32 / 32
-------------------------------------------------------------------------
Offset:              0.236ns (Levels of Logic = 0)
  Source:            reg_1_31 (FF)
  Destination:       reg_1<31> (PAD)
  Source Clock:      Clk rising

  Data Path: reg_1_31 to reg_1<31>
                                Gate     Net
    Cell:in->out      fanout   Delay   Delay  Logical Name (Net Name)
    ----------------------------------------  ------------
     FDR:C->Q              0   0.236   0.000  reg_1_31 (reg_1_31)
    ----------------------------------------
    Total                      0.236ns (0.236ns logic, 0.000ns route)
                                       (100.0% logic, 0.0% route)

=========================================================================

Cross Clock Domains Report:
--------------------------

Clock to Setup on destination clock Clk
---------------+---------+---------+---------+---------+
               | Src:Rise| Src:Fall| Src:Rise| Src:Fall|
Source Clock   |Dest:Rise|Dest:Rise|Dest:Fall|Dest:Fall|
---------------+---------+---------+---------+---------+
Clk            |    1.534|         |         |         |
---------------+---------+---------+---------+---------+

=========================================================================


Total REAL time to Xst completion: 8.00 secs
Total CPU time to Xst completion: 8.01 secs
 
--> 

Total memory usage is 428032 kilobytes

Number of errors   :    0 (   0 filtered)
Number of warnings :    1 (   0 filtered)
Number of infos    :    1 (   0 filtered)

