WARNING:EDK:878 - Could not find IP doc
   http://www.xilinx.com/cgi-bin/docs/ipdoc?c=proc_sys_reset;v=v3_00_a;d=proc_sy
   s_reset.pdf
WARNING:EDK:878 - Could not find IP doc
   http://www.xilinx.com/cgi-bin/docs/ipdoc?c=lmb_v10;v=v2_00_b;d=pg087-lmb-v10.
   pdf
WARNING:EDK:878 - Could not find IP doc
   http://www.xilinx.com/cgi-bin/docs/ipdoc?c=lmb_bram_if_cntlr;v=v3_10_c;d=pg06
   1-lmb-bram-if-cntlr.pdf
WARNING:EDK:878 - Could not find IP doc
   http://www.xilinx.com/cgi-bin/docs/ipdoc?c=lmb_v10;v=v2_00_b;d=pg087-lmb-v10.
   pdf
WARNING:EDK:878 - Could not find IP doc
   http://www.xilinx.com/cgi-bin/docs/ipdoc?c=lmb_bram_if_cntlr;v=v3_10_c;d=pg06
   1-lmb-bram-if-cntlr.pdf
WARNING:EDK:878 - Could not find IP doc
   http://www.xilinx.com/cgi-bin/docs/ipdoc?c=bram_block;v=v1_00_a;d=bram_block.
   pdf
WARNING:EDK:878 - Could not find IP doc
   http://www.xilinx.com/cgi-bin/docs/ipdoc?c=mdm;v=v2_10_a;d=pg062-mdm.pdf
WARNING:EDK:878 - Could not find IP doc
   http://www.xilinx.com/cgi-bin/docs/ipdoc?c=clock_generator;v=v4_03_a;d=clock_
   generator.pdf
WARNING:EDK:878 - Could not find IP doc
   http://www.xilinx.com/cgi-bin/docs/ipdoc?c=axi_xadc;v=v1_00_a;d=pg019_axi_xad
   c.pdf
WARNING:EDK:878 - Could not find IP doc
   http://www.xilinx.com/cgi-bin/docs/ipdoc?c=axi_interconnect;v=v1_06_a;d=ds768
   _axi_interconnect.pdf
WARNING:EDK:878 - Could not find IP doc
   http://www.xilinx.com/cgi-bin/docs/ipdoc?c=axi_interconnect;v=v1_06_a;d=ds768
   _axi_interconnect.pdf
WARNING:EDK:878 - Could not find IP doc
   http://www.xilinx.com/cgi-bin/docs/ipdoc?c=axi_hwicap;v=v2_03_a;d=ds817_axi_h
   wicap.pdf
WARNING:EDK:878 - Could not find IP doc
   http://www.xilinx.com/cgi-bin/docs/ipdoc?c=axi_interconnect;v=v1_06_a;d=ds768
   _axi_interconnect.pdf
WARNING:EDK:878 - Could not find IP doc
   http://www.xilinx.com/cgi-bin/docs/ipdoc?c=axi2axi_connector;v=v1_00_a;d=ds80
   3_axi2axi_connector.pdf
WARNING:EDK:878 - Could not find IP doc
   http://www.xilinx.com/cgi-bin/docs/ipdoc?c=axi2axi_connector;v=v1_00_a;d=ds80
   3_axi2axi_connector.pdf
WARNING:EDK:878 - Could not find IP doc
   http://www.xilinx.com/cgi-bin/docs/ipdoc?c=axi_uartlite;v=v1_02_a;d=axi_uartl
   ite_ds741.pdf
WARNING:EDK:878 - Could not find IP doc
   http://www.xilinx.com/cgi-bin/docs/ipdoc?c=axi_quad_spi;v=v2_00_b;d=ds843_axi
   _quad_spi.pdf
WARNING:EDK:878 - Could not find IP doc
   http://www.xilinx.com/cgi-bin/docs/ipdoc?c=axi_iic;v=v1_02_a;d=axi_iic_ds756.
   pdf
WARNING:EDK:878 - Could not find IP doc
   http://www.xilinx.com/cgi-bin/docs/ipdoc?c=lmb_bram_if_cntlr;v=v3_10_c;d=pg06
   1-lmb-bram-if-cntlr.pdf
WARNING:EDK:878 - Could not find IP doc
   http://www.xilinx.com/cgi-bin/docs/ipdoc?c=lmb_bram_if_cntlr;v=v3_10_c;d=pg06
   1-lmb-bram-if-cntlr.pdf
WARNING:EDK:878 - Could not find IP doc
   http://www.xilinx.com/cgi-bin/docs/ipdoc?c=bram_block;v=v1_00_a;d=bram_block.
   pdf
Generated Block Diagram.
Rasterizing reconfigurable_peripherials_9.jpg.....
Rasterizing reconfigurable_peripherials_8.jpg.....
Rasterizing reconfigurable_peripherials_7.jpg.....
Rasterizing reconfigurable_peripherials_6.jpg.....
Rasterizing reconfigurable_peripherials_5.jpg.....
Rasterizing reconfigurable_peripherials_4.jpg.....
Rasterizing reconfigurable_peripherials_3.jpg.....
Rasterizing reconfigurable_peripherials_27.jpg.....
Rasterizing reconfigurable_peripherials_26.jpg.....
Rasterizing reconfigurable_peripherials_25.jpg.....
Rasterizing reconfigurable_peripherials_24.jpg.....
Rasterizing reconfigurable_peripherials_23.jpg.....
Rasterizing reconfigurable_peripherials_22.jpg.....
Rasterizing reconfigurable_peripherials_21.jpg.....
Rasterizing reconfigurable_peripherials_20.jpg.....
Rasterizing reconfigurable_peripherials_2.jpg.....
Rasterizing reconfigurable_peripherials_19.jpg.....
Rasterizing reconfigurable_peripherials_18.jpg.....
Rasterizing reconfigurable_peripherials_17.jpg.....
Rasterizing reconfigurable_peripherials_16.jpg.....
Rasterizing reconfigurable_peripherials_15.jpg.....
Rasterizing reconfigurable_peripherials_14.jpg.....
Rasterizing reconfigurable_peripherials_13.jpg.....
Rasterizing reconfigurable_peripherials_12.jpg.....
Rasterizing reconfigurable_peripherials_11.jpg.....
Rasterizing reconfigurable_peripherials_10.jpg.....
Rasterizing reconfigurable_peripherials_1.jpg.....
Rasterizing reconfigurable_peripherials_0.jpg.....
Rasterizing proc_sys_reset_0.jpg.....
Rasterizing microblaze_0_ilmb.jpg.....
Rasterizing microblaze_0_i_bram_ctrl.jpg.....
Rasterizing microblaze_0_dlmb.jpg.....
Rasterizing microblaze_0_d_bram_ctrl.jpg.....
Rasterizing microblaze_0_bram_block.jpg.....
Rasterizing microblaze_0.jpg.....
Rasterizing fan_controller_0.jpg.....
Rasterizing debug_module.jpg.....
Rasterizing clock_generator_0.jpg.....
Rasterizing axi_xadc_0.jpg.....
Rasterizing axi_interconnect_2.jpg.....
Rasterizing axi_interconnect_1.jpg.....
Rasterizing axi_hwicap_0.jpg.....
Rasterizing axi4lite_0.jpg.....
Rasterizing axi2axi_connector_2.jpg.....
Rasterizing axi2axi_connector_1.jpg.....
Rasterizing RS232_Uart_1.jpg.....
Rasterizing QSPI_FLASH.jpg.....
Rasterizing IIC_MAIN.jpg.....
Rasterizing microblaze_0_d_bram_ctrl_1.jpg.....
Rasterizing microblaze_0_i_bram_ctrl_1.jpg.....
Rasterizing microblaze_0_bram_block_1.jpg.....
Rasterizing system_blkd.jpg.....
Report generated.
Report generation completed.
